[32m[2025-10-30 23:30:25] [INFO    ] [kai.logging_config] Logging-System initialisiert[0m
[32m[2025-10-30 23:30:25] [INFO    ] [kai_config] Konfiguration geladen | file=C:\Users\gehri\desktop\kai-claude\kai_config.json[0m
============================= test session starts =============================
platform win32 -- Python 3.13.2, pytest-8.3.4, pluggy-1.5.0 -- C:\Users\gehri\AppData\Local\Programs\Python\Python313\python.exe
cachedir: .pytest_cache
hypothesis profile 'default'
rootdir: C:\Users\gehri\desktop\kai-claude
configfile: pytest.ini
plugins: anyio-4.8.0, hypothesis-6.142.3, cov-7.0.0
collecting ... collected 1179 items

tests/test_abductive_reasoning.py::TestHypothesisCreation::test_create_hypothesis_object PASSED
tests/test_abductive_reasoning.py::TestTemplateBasedStrategy::test_template_strategy_with_capable_of [32m[2025-10-30 23:30:28] [INFO    ] [component_1_netzwerk_core] Initialisiere Neo4j-Verbindung | uri=bolt://127.0.0.1:7687 | user=neo4j[0m
[32m[2025-10-30 23:30:28] [INFO    ] [component_1_netzwerk_core] Neo4j-Verbindung erfolgreich hergestellt | uri=bolt://127.0.0.1:7687[0m
[32m[2025-10-30 23:30:28] [INFO    ] [neo4j.notifications] Received notification from DBMS server: {severity: INFORMATION} {code: Neo.ClientNotification.Schema.IndexOrConstraintAlreadyExists} {category: SCHEMA} {title: `CREATE CONSTRAINT WortLemma IF NOT EXISTS FOR (e:Wort) REQUIRE (e.lemma) IS UNIQUE` has no effect.} {description: `CONSTRAINT WortLemma FOR (e:Wort) REQUIRE (e.lemma) IS UNIQUE` already exists.} {position: None} for query: 'CREATE CONSTRAINT WortLemma IF NOT EXISTS FOR (w:Wort) REQUIRE w.lemma IS UNIQUE'[0m
[32m[2025-10-30 23:30:28] [INFO    ] [neo4j.notifications] Received notification from DBMS server: {severity: INFORMATION} {code: Neo.ClientNotification.Schema.IndexOrConstraintAlreadyExists} {category: SCHEMA} {title: `CREATE CONSTRAINT KonzeptName IF NOT EXISTS FOR (e:Konzept) REQUIRE (e.name) IS UNIQUE` has no effect.} {description: `CONSTRAINT KonzeptName FOR (e:Konzept) REQUIRE (e.name) IS UNIQUE` already exists.} {position: None} for query: 'CREATE CONSTRAINT KonzeptName IF NOT EXISTS FOR (k:Konzept) REQUIRE k.name IS UNIQUE'[0m
[32m[2025-10-30 23:30:28] [INFO    ] [neo4j.notifications] Received notification from DBMS server: {severity: INFORMATION} {code: Neo.ClientNotification.Schema.IndexOrConstraintAlreadyExists} {category: SCHEMA} {title: `CREATE CONSTRAINT ExtractionRuleType IF NOT EXISTS FOR (e:ExtractionRule) REQUIRE (e.relation_type) IS UNIQUE` has no effect.} {description: `CONSTRAINT ExtractionRuleType FOR (e:ExtractionRule) REQUIRE (e.relation_type) IS UNIQUE` already exists.} {position: None} for query: 'CREATE CONSTRAINT ExtractionRuleType IF NOT EXISTS FOR (r:ExtractionRule) REQUIRE r.relation_type IS UNIQUE'[0m
[32m[2025-10-30 23:30:28] [INFO    ] [neo4j.notifications] Received notification from DBMS server: {severity: INFORMATION} {code: Neo.ClientNotification.Schema.IndexOrConstraintAlreadyExists} {category: SCHEMA} {title: `CREATE CONSTRAINT PatternPrototypeId IF NOT EXISTS FOR (e:PatternPrototype) REQUIRE (e.id) IS UNIQUE` has no effect.} {description: `CONSTRAINT PatternPrototypeId FOR (e:PatternPrototype) REQUIRE (e.id) IS UNIQUE` already exists.} {position: None} for query: 'CREATE CONSTRAINT PatternPrototypeId IF NOT EXISTS FOR (p:PatternPrototype) REQUIRE p.id IS UNIQUE'[0m
[32m[2025-10-30 23:30:28] [INFO    ] [neo4j.notifications] Received notification from DBMS server: {severity: INFORMATION} {code: Neo.ClientNotification.Schema.IndexOrConstraintAlreadyExists} {category: SCHEMA} {title: `CREATE CONSTRAINT LexiconName IF NOT EXISTS FOR (e:Lexicon) REQUIRE (e.name) IS UNIQUE` has no effect.} {description: `CONSTRAINT LexiconName FOR (e:Lexicon) REQUIRE (e.name) IS UNIQUE` already exists.} {position: None} for query: 'CREATE CONSTRAINT LexiconName IF NOT EXISTS FOR (l:Lexicon) REQUIRE l.name IS UNIQUE'[0m
[32m[2025-10-30 23:30:28] [INFO    ] [neo4j.notifications] Received notification from DBMS server: {severity: INFORMATION} {code: Neo.ClientNotification.Schema.IndexOrConstraintAlreadyExists} {category: SCHEMA} {title: `CREATE CONSTRAINT EpisodeId IF NOT EXISTS FOR (e:Episode) REQUIRE (e.id) IS UNIQUE` has no effect.} {description: `CONSTRAINT EpisodeId FOR (e:Episode) REQUIRE (e.id) IS UNIQUE` already exists.} {position: None} for query: 'CREATE CONSTRAINT EpisodeId IF NOT EXISTS FOR (e:Episode) REQUIRE e.id IS UNIQUE'[0m
[32m[2025-10-30 23:30:28] [INFO    ] [neo4j.notifications] Received notification from DBMS server: {severity: INFORMATION} {code: Neo.ClientNotification.Schema.IndexOrConstraintAlreadyExists} {category: SCHEMA} {title: `CREATE CONSTRAINT InferenceEpisodeId IF NOT EXISTS FOR (e:InferenceEpisode) REQUIRE (e.id) IS UNIQUE` has no effect.} {description: `CONSTRAINT InferenceEpisodeId FOR (e:InferenceEpisode) REQUIRE (e.id) IS UNIQUE` already exists.} {position: None} for query: 'CREATE CONSTRAINT InferenceEpisodeId IF NOT EXISTS FOR (ie:InferenceEpisode) REQUIRE ie.id IS UNIQUE'[0m
[32m[2025-10-30 23:30:28] [INFO    ] [neo4j.notifications] Received notification from DBMS server: {severity: INFORMATION} {code: Neo.ClientNotification.Schema.IndexOrConstraintAlreadyExists} {category: SCHEMA} {title: `CREATE CONSTRAINT ProofStepId IF NOT EXISTS FOR (e:ProofStep) REQUIRE (e.id) IS UNIQUE` has no effect.} {description: `CONSTRAINT ProofStepId FOR (e:ProofStep) REQUIRE (e.id) IS UNIQUE` already exists.} {position: None} for query: 'CREATE CONSTRAINT ProofStepId IF NOT EXISTS FOR (ps:ProofStep) REQUIRE ps.id IS UNIQUE'[0m
[32m[2025-10-30 23:30:28] [INFO    ] [neo4j.notifications] Received notification from DBMS server: {severity: INFORMATION} {code: Neo.ClientNotification.Schema.IndexOrConstraintAlreadyExists} {category: SCHEMA} {title: `CREATE CONSTRAINT HypothesisId IF NOT EXISTS FOR (e:Hypothesis) REQUIRE (e.id) IS UNIQUE` has no effect.} {description: `CONSTRAINT HypothesisId FOR (e:Hypothesis) REQUIRE (e.id) IS UNIQUE` already exists.} {position: None} for query: 'CREATE CONSTRAINT HypothesisId IF NOT EXISTS FOR (h:Hypothesis) REQUIRE h.id IS UNIQUE'[0m
[32m[2025-10-30 23:30:28] [INFO    ] [component_1_netzwerk_core] Neo4j Constraints erfolgreich konfiguriert[0m
[32m[2025-10-30 23:30:28] [INFO    ] [neo4j.notifications] Received notification from DBMS server: {severity: INFORMATION} {code: Neo.ClientNotification.Schema.IndexOrConstraintAlreadyExists} {category: SCHEMA} {title: `CREATE CONSTRAINT UsageContextId IF NOT EXISTS FOR (e:UsageContext) REQUIRE (e.id) IS UNIQUE` has no effect.} {description: `CONSTRAINT UsageContextId FOR (e:UsageContext) REQUIRE (e.id) IS UNIQUE` already exists.} {position: None} for query: '\n                CREATE CONSTRAINT UsageContextId IF NOT EXISTS\n                FOR (uc:UsageContext) REQUIRE uc.id IS UNIQUE\n                '[0m
[32m[2025-10-30 23:30:28] [INFO    ] [neo4j.notifications] Received notification from DBMS server: {severity: INFORMATION} {code: Neo.ClientNotification.Schema.IndexOrConstraintAlreadyExists} {category: SCHEMA} {title: `CREATE CONSTRAINT TypoFeedbackId IF NOT EXISTS FOR (e:TypoFeedback) REQUIRE (e.id) IS UNIQUE` has no effect.} {description: `CONSTRAINT TypoFeedbackId FOR (e:TypoFeedback) REQUIRE (e.id) IS UNIQUE` already exists.} {position: None} for query: '\n                CREATE CONSTRAINT TypoFeedbackId IF NOT EXISTS\n                FOR (tf:TypoFeedback) REQUIRE tf.id IS UNIQUE\n                '[0m
[32m[2025-10-30 23:30:28] [INFO    ] [component_16_probabilistic_engine] ProbabilisticEngine initialisiert.[0m
[32m[2025-10-30 23:30:28] [INFO    ] [component_9_logik_engine] Logik-Engine initialisiert mit probabilistischer Unterst�tzung.[0m
[32m[2025-10-30 23:30:28] [INFO    ] [component_9_logik_engine] Logik-Engine initialisiert mit SAT-Solver f�r Boolean Reasoning.[0m
[32m[2025-10-30 23:30:28] [INFO    ] [component_1_netzwerk_core] Neue Relation erstellt | subject=test_vogel | relation=CAPABLE_OF | object=test_fliegen | source=None[0m
[32m[2025-10-30 23:30:28] [INFO    ] [component_1_netzwerk_core] Neue Relation erstellt | subject=test_vogel | relation=HAS_PROPERTY | object=test_fl�gel | source=None[0m
[32m[2025-10-30 23:30:28] [INFO    ] [component_1_netzwerk_core] Neue Relation erstellt | subject=test_vogel | relation=HAS_PROPERTY | object=test_federkleid | source=None[0m
[32m[2025-10-30 23:30:28] [INFO    ] [component_1_netzwerk_core] Neue Relation erstellt | subject=test_vogel | relation=IS_A | object=test_tier | source=None[0m
PASSED
tests/test_abductive_reasoning.py::TestTemplateBasedStrategy::test_template_strategy_scoring [32m[2025-10-30 23:30:28] [INFO    ] [component_1_netzwerk_core] Initialisiere Neo4j-Verbindung | uri=bolt://127.0.0.1:7687 | user=neo4j[0m
[32m[2025-10-30 23:30:28] [INFO    ] [component_1_netzwerk_core] Neo4j-Verbindung erfolgreich hergestellt | uri=bolt://127.0.0.1:7687[0m
[32m[2025-10-30 23:30:28] [INFO    ] [neo4j.notifications] Received notification from DBMS server: {severity: INFORMATION} {code: Neo.ClientNotification.Schema.IndexOrConstraintAlreadyExists} {category: SCHEMA} {title: `CREATE CONSTRAINT WortLemma IF NOT EXISTS FOR (e:Wort) REQUIRE (e.lemma) IS UNIQUE` has no effect.} {description: `CONSTRAINT WortLemma FOR (e:Wort) REQUIRE (e.lemma) IS UNIQUE` already exists.} {position: None} for query: 'CREATE CONSTRAINT WortLemma IF NOT EXISTS FOR (w:Wort) REQUIRE w.lemma IS UNIQUE'[0m
[32m[2025-10-30 23:30:28] [INFO    ] [neo4j.notifications] Received notification from DBMS server: {severity: INFORMATION} {code: Neo.ClientNotification.Schema.IndexOrConstraintAlreadyExists} {category: SCHEMA} {title: `CREATE CONSTRAINT KonzeptName IF NOT EXISTS FOR (e:Konzept) REQUIRE (e.name) IS UNIQUE` has no effect.} {description: `CONSTRAINT KonzeptName FOR (e:Konzept) REQUIRE (e.name) IS UNIQUE` already exists.} {position: None} for query: 'CREATE CONSTRAINT KonzeptName IF NOT EXISTS FOR (k:Konzept) REQUIRE k.name IS UNIQUE'[0m
[32m[2025-10-30 23:30:28] [INFO    ] [neo4j.notifications] Received notification from DBMS server: {severity: INFORMATION} {code: Neo.ClientNotification.Schema.IndexOrConstraintAlreadyExists} {category: SCHEMA} {title: `CREATE CONSTRAINT ExtractionRuleType IF NOT EXISTS FOR (e:ExtractionRule) REQUIRE (e.relation_type) IS UNIQUE` has no effect.} {description: `CONSTRAINT ExtractionRuleType FOR (e:ExtractionRule) REQUIRE (e.relation_type) IS UNIQUE` already exists.} {position: None} for query: 'CREATE CONSTRAINT ExtractionRuleType IF NOT EXISTS FOR (r:ExtractionRule) REQUIRE r.relation_type IS UNIQUE'[0m
[32m[2025-10-30 23:30:28] [INFO    ] [neo4j.notifications] Received notification from DBMS server: {severity: INFORMATION} {code: Neo.ClientNotification.Schema.IndexOrConstraintAlreadyExists} {category: SCHEMA} {title: `CREATE CONSTRAINT PatternPrototypeId IF NOT EXISTS FOR (e:PatternPrototype) REQUIRE (e.id) IS UNIQUE` has no effect.} {description: `CONSTRAINT PatternPrototypeId FOR (e:PatternPrototype) REQUIRE (e.id) IS UNIQUE` already exists.} {position: None} for query: 'CREATE CONSTRAINT PatternPrototypeId IF NOT EXISTS FOR (p:PatternPrototype) REQUIRE p.id IS UNIQUE'[0m
[32m[2025-10-30 23:30:28] [INFO    ] [neo4j.notifications] Received notification from DBMS server: {severity: INFORMATION} {code: Neo.ClientNotification.Schema.IndexOrConstraintAlreadyExists} {category: SCHEMA} {title: `CREATE CONSTRAINT LexiconName IF NOT EXISTS FOR (e:Lexicon) REQUIRE (e.name) IS UNIQUE` has no effect.} {description: `CONSTRAINT LexiconName FOR (e:Lexicon) REQUIRE (e.name) IS UNIQUE` already exists.} {position: None} for query: 'CREATE CONSTRAINT LexiconName IF NOT EXISTS FOR (l:Lexicon) REQUIRE l.name IS UNIQUE'[0m
[32m[2025-10-30 23:30:28] [INFO    ] [neo4j.notifications] Received notification from DBMS server: {severity: INFORMATION} {code: Neo.ClientNotification.Schema.IndexOrConstraintAlreadyExists} {category: SCHEMA} {title: `CREATE CONSTRAINT EpisodeId IF NOT EXISTS FOR (e:Episode) REQUIRE (e.id) IS UNIQUE` has no effect.} {description: `CONSTRAINT EpisodeId FOR (e:Episode) REQUIRE (e.id) IS UNIQUE` already exists.} {position: None} for query: 'CREATE CONSTRAINT EpisodeId IF NOT EXISTS FOR (e:Episode) REQUIRE e.id IS UNIQUE'[0m
[32m[2025-10-30 23:30:28] [INFO    ] [neo4j.notifications] Received notification from DBMS server: {severity: INFORMATION} {code: Neo.ClientNotification.Schema.IndexOrConstraintAlreadyExists} {category: SCHEMA} {title: `CREATE CONSTRAINT InferenceEpisodeId IF NOT EXISTS FOR (e:InferenceEpisode) REQUIRE (e.id) IS UNIQUE` has no effect.} {description: `CONSTRAINT InferenceEpisodeId FOR (e:InferenceEpisode) REQUIRE (e.id) IS UNIQUE` already exists.} {position: None} for query: 'CREATE CONSTRAINT InferenceEpisodeId IF NOT EXISTS FOR (ie:InferenceEpisode) REQUIRE ie.id IS UNIQUE'[0m
[32m[2025-10-30 23:30:28] [INFO    ] [neo4j.notifications] Received notification from DBMS server: {severity: INFORMATION} {code: Neo.ClientNotification.Schema.IndexOrConstraintAlreadyExists} {category: SCHEMA} {title: `CREATE CONSTRAINT ProofStepId IF NOT EXISTS FOR (e:ProofStep) REQUIRE (e.id) IS UNIQUE` has no effect.} {description: `CONSTRAINT ProofStepId FOR (e:ProofStep) REQUIRE (e.id) IS UNIQUE` already exists.} {position: None} for query: 'CREATE CONSTRAINT ProofStepId IF NOT EXISTS FOR (ps:ProofStep) REQUIRE ps.id IS UNIQUE'[0m
[32m[2025-10-30 23:30:28] [INFO    ] [neo4j.notifications] Received notification from DBMS server: {severity: INFORMATION} {code: Neo.ClientNotification.Schema.IndexOrConstraintAlreadyExists} {category: SCHEMA} {title: `CREATE CONSTRAINT HypothesisId IF NOT EXISTS FOR (e:Hypothesis) REQUIRE (e.id) IS UNIQUE` has no effect.} {description: `CONSTRAINT HypothesisId FOR (e:Hypothesis) REQUIRE (e.id) IS UNIQUE` already exists.} {position: None} for query: 'CREATE CONSTRAINT HypothesisId IF NOT EXISTS FOR (h:Hypothesis) REQUIRE h.id IS UNIQUE'[0m
[32m[2025-10-30 23:30:28] [INFO    ] [component_1_netzwerk_core] Neo4j Constraints erfolgreich konfiguriert[0m
[32m[2025-10-30 23:30:28] [INFO    ] [neo4j.notifications] Received notification from DBMS server: {severity: INFORMATION} {code: Neo.ClientNotification.Schema.IndexOrConstraintAlreadyExists} {category: SCHEMA} {title: `CREATE CONSTRAINT UsageContextId IF NOT EXISTS FOR (e:UsageContext) REQUIRE (e.id) IS UNIQUE` has no effect.} {description: `CONSTRAINT UsageContextId FOR (e:UsageContext) REQUIRE (e.id) IS UNIQUE` already exists.} {position: None} for query: '\n                CREATE CONSTRAINT UsageContextId IF NOT EXISTS\n                FOR (uc:UsageContext) REQUIRE uc.id IS UNIQUE\n                '[0m
[32m[2025-10-30 23:30:28] [INFO    ] [neo4j.notifications] Received notification from DBMS server: {severity: INFORMATION} {code: Neo.ClientNotification.Schema.IndexOrConstraintAlreadyExists} {category: SCHEMA} {title: `CREATE CONSTRAINT TypoFeedbackId IF NOT EXISTS FOR (e:TypoFeedback) REQUIRE (e.id) IS UNIQUE` has no effect.} {description: `CONSTRAINT TypoFeedbackId FOR (e:TypoFeedback) REQUIRE (e.id) IS UNIQUE` already exists.} {position: None} for query: '\n                CREATE CONSTRAINT TypoFeedbackId IF NOT EXISTS\n                FOR (tf:TypoFeedback) REQUIRE tf.id IS UNIQUE\n                '[0m
[32m[2025-10-30 23:30:28] [INFO    ] [component_16_probabilistic_engine] ProbabilisticEngine initialisiert.[0m
[32m[2025-10-30 23:30:28] [INFO    ] [component_9_logik_engine] Logik-Engine initialisiert mit probabilistischer Unterst�tzung.[0m
[32m[2025-10-30 23:30:28] [INFO    ] [component_9_logik_engine] Logik-Engine initialisiert mit SAT-Solver f�r Boolean Reasoning.[0m
[32m[2025-10-30 23:30:28] [INFO    ] [component_1_netzwerk_core] Neue Relation erstellt | subject=test_vogel | relation=CAPABLE_OF | object=test_fliegen | source=None[0m
[32m[2025-10-30 23:30:28] [INFO    ] [component_1_netzwerk_core] Neue Relation erstellt | subject=test_vogel | relation=HAS_PROPERTY | object=test_fl�gel | source=None[0m
[32m[2025-10-30 23:30:28] [INFO    ] [component_1_netzwerk_core] Neue Relation erstellt | subject=test_vogel | relation=HAS_PROPERTY | object=test_federkleid | source=None[0m
[32m[2025-10-30 23:30:28] [INFO    ] [component_1_netzwerk_core] Neue Relation erstellt | subject=test_vogel | relation=IS_A | object=test_tier | source=None[0m
PASSED
tests/test_abductive_reasoning.py::TestAnalogyBasedStrategy::test_analogy_strategy_with_similar_concepts [32m[2025-10-30 23:30:28] [INFO    ] [component_1_netzwerk_core] Initialisiere Neo4j-Verbindung | uri=bolt://127.0.0.1:7687 | user=neo4j[0m
[32m[2025-10-30 23:30:28] [INFO    ] [component_1_netzwerk_core] Neo4j-Verbindung erfolgreich hergestellt | uri=bolt://127.0.0.1:7687[0m
[32m[2025-10-30 23:30:28] [INFO    ] [neo4j.notifications] Received notification from DBMS server: {severity: INFORMATION} {code: Neo.ClientNotification.Schema.IndexOrConstraintAlreadyExists} {category: SCHEMA} {title: `CREATE CONSTRAINT WortLemma IF NOT EXISTS FOR (e:Wort) REQUIRE (e.lemma) IS UNIQUE` has no effect.} {description: `CONSTRAINT WortLemma FOR (e:Wort) REQUIRE (e.lemma) IS UNIQUE` already exists.} {position: None} for query: 'CREATE CONSTRAINT WortLemma IF NOT EXISTS FOR (w:Wort) REQUIRE w.lemma IS UNIQUE'[0m
[32m[2025-10-30 23:30:28] [INFO    ] [neo4j.notifications] Received notification from DBMS server: {severity: INFORMATION} {code: Neo.ClientNotification.Schema.IndexOrConstraintAlreadyExists} {category: SCHEMA} {title: `CREATE CONSTRAINT KonzeptName IF NOT EXISTS FOR (e:Konzept) REQUIRE (e.name) IS UNIQUE` has no effect.} {description: `CONSTRAINT KonzeptName FOR (e:Konzept) REQUIRE (e.name) IS UNIQUE` already exists.} {position: None} for query: 'CREATE CONSTRAINT KonzeptName IF NOT EXISTS FOR (k:Konzept) REQUIRE k.name IS UNIQUE'[0m
[32m[2025-10-30 23:30:28] [INFO    ] [neo4j.notifications] Received notification from DBMS server: {severity: INFORMATION} {code: Neo.ClientNotification.Schema.IndexOrConstraintAlreadyExists} {category: SCHEMA} {title: `CREATE CONSTRAINT ExtractionRuleType IF NOT EXISTS FOR (e:ExtractionRule) REQUIRE (e.relation_type) IS UNIQUE` has no effect.} {description: `CONSTRAINT ExtractionRuleType FOR (e:ExtractionRule) REQUIRE (e.relation_type) IS UNIQUE` already exists.} {position: None} for query: 'CREATE CONSTRAINT ExtractionRuleType IF NOT EXISTS FOR (r:ExtractionRule) REQUIRE r.relation_type IS UNIQUE'[0m
[32m[2025-10-30 23:30:28] [INFO    ] [neo4j.notifications] Received notification from DBMS server: {severity: INFORMATION} {code: Neo.ClientNotification.Schema.IndexOrConstraintAlreadyExists} {category: SCHEMA} {title: `CREATE CONSTRAINT PatternPrototypeId IF NOT EXISTS FOR (e:PatternPrototype) REQUIRE (e.id) IS UNIQUE` has no effect.} {description: `CONSTRAINT PatternPrototypeId FOR (e:PatternPrototype) REQUIRE (e.id) IS UNIQUE` already exists.} {position: None} for query: 'CREATE CONSTRAINT PatternPrototypeId IF NOT EXISTS FOR (p:PatternPrototype) REQUIRE p.id IS UNIQUE'[0m
[32m[2025-10-30 23:30:28] [INFO    ] [neo4j.notifications] Received notification from DBMS server: {severity: INFORMATION} {code: Neo.ClientNotification.Schema.IndexOrConstraintAlreadyExists} {category: SCHEMA} {title: `CREATE CONSTRAINT LexiconName IF NOT EXISTS FOR (e:Lexicon) REQUIRE (e.name) IS UNIQUE` has no effect.} {description: `CONSTRAINT LexiconName FOR (e:Lexicon) REQUIRE (e.name) IS UNIQUE` already exists.} {position: None} for query: 'CREATE CONSTRAINT LexiconName IF NOT EXISTS FOR (l:Lexicon) REQUIRE l.name IS UNIQUE'[0m
[32m[2025-10-30 23:30:28] [INFO    ] [neo4j.notifications] Received notification from DBMS server: {severity: INFORMATION} {code: Neo.ClientNotification.Schema.IndexOrConstraintAlreadyExists} {category: SCHEMA} {title: `CREATE CONSTRAINT EpisodeId IF NOT EXISTS FOR (e:Episode) REQUIRE (e.id) IS UNIQUE` has no effect.} {description: `CONSTRAINT EpisodeId FOR (e:Episode) REQUIRE (e.id) IS UNIQUE` already exists.} {position: None} for query: 'CREATE CONSTRAINT EpisodeId IF NOT EXISTS FOR (e:Episode) REQUIRE e.id IS UNIQUE'[0m
[32m[2025-10-30 23:30:28] [INFO    ] [neo4j.notifications] Received notification from DBMS server: {severity: INFORMATION} {code: Neo.ClientNotification.Schema.IndexOrConstraintAlreadyExists} {category: SCHEMA} {title: `CREATE CONSTRAINT InferenceEpisodeId IF NOT EXISTS FOR (e:InferenceEpisode) REQUIRE (e.id) IS UNIQUE` has no effect.} {description: `CONSTRAINT InferenceEpisodeId FOR (e:InferenceEpisode) REQUIRE (e.id) IS UNIQUE` already exists.} {position: None} for query: 'CREATE CONSTRAINT InferenceEpisodeId IF NOT EXISTS FOR (ie:InferenceEpisode) REQUIRE ie.id IS UNIQUE'[0m
[32m[2025-10-30 23:30:28] [INFO    ] [neo4j.notifications] Received notification from DBMS server: {severity: INFORMATION} {code: Neo.ClientNotification.Schema.IndexOrConstraintAlreadyExists} {category: SCHEMA} {title: `CREATE CONSTRAINT ProofStepId IF NOT EXISTS FOR (e:ProofStep) REQUIRE (e.id) IS UNIQUE` has no effect.} {description: `CONSTRAINT ProofStepId FOR (e:ProofStep) REQUIRE (e.id) IS UNIQUE` already exists.} {position: None} for query: 'CREATE CONSTRAINT ProofStepId IF NOT EXISTS FOR (ps:ProofStep) REQUIRE ps.id IS UNIQUE'[0m
[32m[2025-10-30 23:30:28] [INFO    ] [neo4j.notifications] Received notification from DBMS server: {severity: INFORMATION} {code: Neo.ClientNotification.Schema.IndexOrConstraintAlreadyExists} {category: SCHEMA} {title: `CREATE CONSTRAINT HypothesisId IF NOT EXISTS FOR (e:Hypothesis) REQUIRE (e.id) IS UNIQUE` has no effect.} {description: `CONSTRAINT HypothesisId FOR (e:Hypothesis) REQUIRE (e.id) IS UNIQUE` already exists.} {position: None} for query: 'CREATE CONSTRAINT HypothesisId IF NOT EXISTS FOR (h:Hypothesis) REQUIRE h.id IS UNIQUE'[0m
[32m[2025-10-30 23:30:28] [INFO    ] [component_1_netzwerk_core] Neo4j Constraints erfolgreich konfiguriert[0m
[32m[2025-10-30 23:30:28] [INFO    ] [neo4j.notifications] Received notification from DBMS server: {severity: INFORMATION} {code: Neo.ClientNotification.Schema.IndexOrConstraintAlreadyExists} {category: SCHEMA} {title: `CREATE CONSTRAINT UsageContextId IF NOT EXISTS FOR (e:UsageContext) REQUIRE (e.id) IS UNIQUE` has no effect.} {description: `CONSTRAINT UsageContextId FOR (e:UsageContext) REQUIRE (e.id) IS UNIQUE` already exists.} {position: None} for query: '\n                CREATE CONSTRAINT UsageContextId IF NOT EXISTS\n                FOR (uc:UsageContext) REQUIRE uc.id IS UNIQUE\n                '[0m
[32m[2025-10-30 23:30:28] [INFO    ] [neo4j.notifications] Received notification from DBMS server: {severity: INFORMATION} {code: Neo.ClientNotification.Schema.IndexOrConstraintAlreadyExists} {category: SCHEMA} {title: `CREATE CONSTRAINT TypoFeedbackId IF NOT EXISTS FOR (e:TypoFeedback) REQUIRE (e.id) IS UNIQUE` has no effect.} {description: `CONSTRAINT TypoFeedbackId FOR (e:TypoFeedback) REQUIRE (e.id) IS UNIQUE` already exists.} {position: None} for query: '\n                CREATE CONSTRAINT TypoFeedbackId IF NOT EXISTS\n                FOR (tf:TypoFeedback) REQUIRE tf.id IS UNIQUE\n                '[0m
[32m[2025-10-30 23:30:28] [INFO    ] [component_16_probabilistic_engine] ProbabilisticEngine initialisiert.[0m
[32m[2025-10-30 23:30:28] [INFO    ] [component_9_logik_engine] Logik-Engine initialisiert mit probabilistischer Unterst�tzung.[0m
[32m[2025-10-30 23:30:28] [INFO    ] [component_9_logik_engine] Logik-Engine initialisiert mit SAT-Solver f�r Boolean Reasoning.[0m
[32m[2025-10-30 23:30:28] [INFO    ] [component_1_netzwerk_core] Neue Relation erstellt | subject=test_vogel | relation=CAPABLE_OF | object=test_fliegen | source=None[0m
[32m[2025-10-30 23:30:28] [INFO    ] [component_1_netzwerk_core] Neue Relation erstellt | subject=test_vogel | relation=HAS_PROPERTY | object=test_fl�gel | source=None[0m
[32m[2025-10-30 23:30:28] [INFO    ] [component_1_netzwerk_core] Neue Relation erstellt | subject=test_vogel | relation=HAS_PROPERTY | object=test_federkleid | source=None[0m
[32m[2025-10-30 23:30:28] [INFO    ] [component_1_netzwerk_core] Neue Relation erstellt | subject=test_vogel | relation=IS_A | object=test_tier | source=None[0m
[32m[2025-10-30 23:30:28] [INFO    ] [component_1_netzwerk_core] Neue Relation erstellt | subject=test_schwalbe | relation=IS_A | object=test_tier | source=None[0m
[32m[2025-10-30 23:30:28] [INFO    ] [component_1_netzwerk_core] Neue Relation erstellt | subject=test_schwalbe | relation=CAPABLE_OF | object=test_fliegen | source=None[0m
PASSED
tests/test_abductive_reasoning.py::TestAnalogyBasedStrategy::test_analogy_strategy_with_embeddings [32m[2025-10-30 23:30:28] [INFO    ] [component_1_netzwerk_core] Initialisiere Neo4j-Verbindung | uri=bolt://127.0.0.1:7687 | user=neo4j[0m
[32m[2025-10-30 23:30:28] [INFO    ] [component_1_netzwerk_core] Neo4j-Verbindung erfolgreich hergestellt | uri=bolt://127.0.0.1:7687[0m
[32m[2025-10-30 23:30:28] [INFO    ] [neo4j.notifications] Received notification from DBMS server: {severity: INFORMATION} {code: Neo.ClientNotification.Schema.IndexOrConstraintAlreadyExists} {category: SCHEMA} {title: `CREATE CONSTRAINT WortLemma IF NOT EXISTS FOR (e:Wort) REQUIRE (e.lemma) IS UNIQUE` has no effect.} {description: `CONSTRAINT WortLemma FOR (e:Wort) REQUIRE (e.lemma) IS UNIQUE` already exists.} {position: None} for query: 'CREATE CONSTRAINT WortLemma IF NOT EXISTS FOR (w:Wort) REQUIRE w.lemma IS UNIQUE'[0m
[32m[2025-10-30 23:30:28] [INFO    ] [neo4j.notifications] Received notification from DBMS server: {severity: INFORMATION} {code: Neo.ClientNotification.Schema.IndexOrConstraintAlreadyExists} {category: SCHEMA} {title: `CREATE CONSTRAINT KonzeptName IF NOT EXISTS FOR (e:Konzept) REQUIRE (e.name) IS UNIQUE` has no effect.} {description: `CONSTRAINT KonzeptName FOR (e:Konzept) REQUIRE (e.name) IS UNIQUE` already exists.} {position: None} for query: 'CREATE CONSTRAINT KonzeptName IF NOT EXISTS FOR (k:Konzept) REQUIRE k.name IS UNIQUE'[0m
[32m[2025-10-30 23:30:28] [INFO    ] [neo4j.notifications] Received notification from DBMS server: {severity: INFORMATION} {code: Neo.ClientNotification.Schema.IndexOrConstraintAlreadyExists} {category: SCHEMA} {title: `CREATE CONSTRAINT ExtractionRuleType IF NOT EXISTS FOR (e:ExtractionRule) REQUIRE (e.relation_type) IS UNIQUE` has no effect.} {description: `CONSTRAINT ExtractionRuleType FOR (e:ExtractionRule) REQUIRE (e.relation_type) IS UNIQUE` already exists.} {position: None} for query: 'CREATE CONSTRAINT ExtractionRuleType IF NOT EXISTS FOR (r:ExtractionRule) REQUIRE r.relation_type IS UNIQUE'[0m
[32m[2025-10-30 23:30:28] [INFO    ] [neo4j.notifications] Received notification from DBMS server: {severity: INFORMATION} {code: Neo.ClientNotification.Schema.IndexOrConstraintAlreadyExists} {category: SCHEMA} {title: `CREATE CONSTRAINT PatternPrototypeId IF NOT EXISTS FOR (e:PatternPrototype) REQUIRE (e.id) IS UNIQUE` has no effect.} {description: `CONSTRAINT PatternPrototypeId FOR (e:PatternPrototype) REQUIRE (e.id) IS UNIQUE` already exists.} {position: None} for query: 'CREATE CONSTRAINT PatternPrototypeId IF NOT EXISTS FOR (p:PatternPrototype) REQUIRE p.id IS UNIQUE'[0m
[32m[2025-10-30 23:30:28] [INFO    ] [neo4j.notifications] Received notification from DBMS server: {severity: INFORMATION} {code: Neo.ClientNotification.Schema.IndexOrConstraintAlreadyExists} {category: SCHEMA} {title: `CREATE CONSTRAINT LexiconName IF NOT EXISTS FOR (e:Lexicon) REQUIRE (e.name) IS UNIQUE` has no effect.} {description: `CONSTRAINT LexiconName FOR (e:Lexicon) REQUIRE (e.name) IS UNIQUE` already exists.} {position: None} for query: 'CREATE CONSTRAINT LexiconName IF NOT EXISTS FOR (l:Lexicon) REQUIRE l.name IS UNIQUE'[0m
[32m[2025-10-30 23:30:28] [INFO    ] [neo4j.notifications] Received notification from DBMS server: {severity: INFORMATION} {code: Neo.ClientNotification.Schema.IndexOrConstraintAlreadyExists} {category: SCHEMA} {title: `CREATE CONSTRAINT EpisodeId IF NOT EXISTS FOR (e:Episode) REQUIRE (e.id) IS UNIQUE` has no effect.} {description: `CONSTRAINT EpisodeId FOR (e:Episode) REQUIRE (e.id) IS UNIQUE` already exists.} {position: None} for query: 'CREATE CONSTRAINT EpisodeId IF NOT EXISTS FOR (e:Episode) REQUIRE e.id IS UNIQUE'[0m
[32m[2025-10-30 23:30:28] [INFO    ] [neo4j.notifications] Received notification from DBMS server: {severity: INFORMATION} {code: Neo.ClientNotification.Schema.IndexOrConstraintAlreadyExists} {category: SCHEMA} {title: `CREATE CONSTRAINT InferenceEpisodeId IF NOT EXISTS FOR (e:InferenceEpisode) REQUIRE (e.id) IS UNIQUE` has no effect.} {description: `CONSTRAINT InferenceEpisodeId FOR (e:InferenceEpisode) REQUIRE (e.id) IS UNIQUE` already exists.} {position: None} for query: 'CREATE CONSTRAINT InferenceEpisodeId IF NOT EXISTS FOR (ie:InferenceEpisode) REQUIRE ie.id IS UNIQUE'[0m
[32m[2025-10-30 23:30:28] [INFO    ] [neo4j.notifications] Received notification from DBMS server: {severity: INFORMATION} {code: Neo.ClientNotification.Schema.IndexOrConstraintAlreadyExists} {category: SCHEMA} {title: `CREATE CONSTRAINT ProofStepId IF NOT EXISTS FOR (e:ProofStep) REQUIRE (e.id) IS UNIQUE` has no effect.} {description: `CONSTRAINT ProofStepId FOR (e:ProofStep) REQUIRE (e.id) IS UNIQUE` already exists.} {position: None} for query: 'CREATE CONSTRAINT ProofStepId IF NOT EXISTS FOR (ps:ProofStep) REQUIRE ps.id IS UNIQUE'[0m
[32m[2025-10-30 23:30:28] [INFO    ] [neo4j.notifications] Received notification from DBMS server: {severity: INFORMATION} {code: Neo.ClientNotification.Schema.IndexOrConstraintAlreadyExists} {category: SCHEMA} {title: `CREATE CONSTRAINT HypothesisId IF NOT EXISTS FOR (e:Hypothesis) REQUIRE (e.id) IS UNIQUE` has no effect.} {description: `CONSTRAINT HypothesisId FOR (e:Hypothesis) REQUIRE (e.id) IS UNIQUE` already exists.} {position: None} for query: 'CREATE CONSTRAINT HypothesisId IF NOT EXISTS FOR (h:Hypothesis) REQUIRE h.id IS UNIQUE'[0m
[32m[2025-10-30 23:30:28] [INFO    ] [component_1_netzwerk_core] Neo4j Constraints erfolgreich konfiguriert[0m
[32m[2025-10-30 23:30:28] [INFO    ] [neo4j.notifications] Received notification from DBMS server: {severity: INFORMATION} {code: Neo.ClientNotification.Schema.IndexOrConstraintAlreadyExists} {category: SCHEMA} {title: `CREATE CONSTRAINT UsageContextId IF NOT EXISTS FOR (e:UsageContext) REQUIRE (e.id) IS UNIQUE` has no effect.} {description: `CONSTRAINT UsageContextId FOR (e:UsageContext) REQUIRE (e.id) IS UNIQUE` already exists.} {position: None} for query: '\n                CREATE CONSTRAINT UsageContextId IF NOT EXISTS\n                FOR (uc:UsageContext) REQUIRE uc.id IS UNIQUE\n                '[0m
[32m[2025-10-30 23:30:28] [INFO    ] [neo4j.notifications] Received notification from DBMS server: {severity: INFORMATION} {code: Neo.ClientNotification.Schema.IndexOrConstraintAlreadyExists} {category: SCHEMA} {title: `CREATE CONSTRAINT TypoFeedbackId IF NOT EXISTS FOR (e:TypoFeedback) REQUIRE (e.id) IS UNIQUE` has no effect.} {description: `CONSTRAINT TypoFeedbackId FOR (e:TypoFeedback) REQUIRE (e.id) IS UNIQUE` already exists.} {position: None} for query: '\n                CREATE CONSTRAINT TypoFeedbackId IF NOT EXISTS\n                FOR (tf:TypoFeedback) REQUIRE tf.id IS UNIQUE\n                '[0m
[32m[2025-10-30 23:30:28] [INFO    ] [component_16_probabilistic_engine] ProbabilisticEngine initialisiert.[0m
[32m[2025-10-30 23:30:28] [INFO    ] [component_9_logik_engine] Logik-Engine initialisiert mit probabilistischer Unterst�tzung.[0m
[32m[2025-10-30 23:30:28] [INFO    ] [component_9_logik_engine] Logik-Engine initialisiert mit SAT-Solver f�r Boolean Reasoning.[0m
[32m[2025-10-30 23:30:28] [INFO    ] [component_1_netzwerk_core] Neue Relation erstellt | subject=test_vogel | relation=CAPABLE_OF | object=test_fliegen | source=None[0m
[32m[2025-10-30 23:30:28] [INFO    ] [component_1_netzwerk_core] Neue Relation erstellt | subject=test_vogel | relation=HAS_PROPERTY | object=test_fl�gel | source=None[0m
[32m[2025-10-30 23:30:28] [INFO    ] [component_1_netzwerk_core] Neue Relation erstellt | subject=test_vogel | relation=HAS_PROPERTY | object=test_federkleid | source=None[0m
[32m[2025-10-30 23:30:28] [INFO    ] [component_1_netzwerk_core] Neue Relation erstellt | subject=test_vogel | relation=IS_A | object=test_tier | source=None[0m
PASSED
tests/test_abductive_reasoning.py::TestCausalChainStrategy::test_causal_chain_backward_reasoning [32m[2025-10-30 23:30:28] [INFO    ] [component_1_netzwerk_core] Initialisiere Neo4j-Verbindung | uri=bolt://127.0.0.1:7687 | user=neo4j[0m
[32m[2025-10-30 23:30:28] [INFO    ] [component_1_netzwerk_core] Neo4j-Verbindung erfolgreich hergestellt | uri=bolt://127.0.0.1:7687[0m
[32m[2025-10-30 23:30:28] [INFO    ] [neo4j.notifications] Received notification from DBMS server: {severity: INFORMATION} {code: Neo.ClientNotification.Schema.IndexOrConstraintAlreadyExists} {category: SCHEMA} {title: `CREATE CONSTRAINT WortLemma IF NOT EXISTS FOR (e:Wort) REQUIRE (e.lemma) IS UNIQUE` has no effect.} {description: `CONSTRAINT WortLemma FOR (e:Wort) REQUIRE (e.lemma) IS UNIQUE` already exists.} {position: None} for query: 'CREATE CONSTRAINT WortLemma IF NOT EXISTS FOR (w:Wort) REQUIRE w.lemma IS UNIQUE'[0m
[32m[2025-10-30 23:30:28] [INFO    ] [neo4j.notifications] Received notification from DBMS server: {severity: INFORMATION} {code: Neo.ClientNotification.Schema.IndexOrConstraintAlreadyExists} {category: SCHEMA} {title: `CREATE CONSTRAINT KonzeptName IF NOT EXISTS FOR (e:Konzept) REQUIRE (e.name) IS UNIQUE` has no effect.} {description: `CONSTRAINT KonzeptName FOR (e:Konzept) REQUIRE (e.name) IS UNIQUE` already exists.} {position: None} for query: 'CREATE CONSTRAINT KonzeptName IF NOT EXISTS FOR (k:Konzept) REQUIRE k.name IS UNIQUE'[0m
[32m[2025-10-30 23:30:28] [INFO    ] [neo4j.notifications] Received notification from DBMS server: {severity: INFORMATION} {code: Neo.ClientNotification.Schema.IndexOrConstraintAlreadyExists} {category: SCHEMA} {title: `CREATE CONSTRAINT ExtractionRuleType IF NOT EXISTS FOR (e:ExtractionRule) REQUIRE (e.relation_type) IS UNIQUE` has no effect.} {description: `CONSTRAINT ExtractionRuleType FOR (e:ExtractionRule) REQUIRE (e.relation_type) IS UNIQUE` already exists.} {position: None} for query: 'CREATE CONSTRAINT ExtractionRuleType IF NOT EXISTS FOR (r:ExtractionRule) REQUIRE r.relation_type IS UNIQUE'[0m
[32m[2025-10-30 23:30:28] [INFO    ] [neo4j.notifications] Received notification from DBMS server: {severity: INFORMATION} {code: Neo.ClientNotification.Schema.IndexOrConstraintAlreadyExists} {category: SCHEMA} {title: `CREATE CONSTRAINT PatternPrototypeId IF NOT EXISTS FOR (e:PatternPrototype) REQUIRE (e.id) IS UNIQUE` has no effect.} {description: `CONSTRAINT PatternPrototypeId FOR (e:PatternPrototype) REQUIRE (e.id) IS UNIQUE` already exists.} {position: None} for query: 'CREATE CONSTRAINT PatternPrototypeId IF NOT EXISTS FOR (p:PatternPrototype) REQUIRE p.id IS UNIQUE'[0m
[32m[2025-10-30 23:30:28] [INFO    ] [neo4j.notifications] Received notification from DBMS server: {severity: INFORMATION} {code: Neo.ClientNotification.Schema.IndexOrConstraintAlreadyExists} {category: SCHEMA} {title: `CREATE CONSTRAINT LexiconName IF NOT EXISTS FOR (e:Lexicon) REQUIRE (e.name) IS UNIQUE` has no effect.} {description: `CONSTRAINT LexiconName FOR (e:Lexicon) REQUIRE (e.name) IS UNIQUE` already exists.} {position: None} for query: 'CREATE CONSTRAINT LexiconName IF NOT EXISTS FOR (l:Lexicon) REQUIRE l.name IS UNIQUE'[0m
[32m[2025-10-30 23:30:28] [INFO    ] [neo4j.notifications] Received notification from DBMS server: {severity: INFORMATION} {code: Neo.ClientNotification.Schema.IndexOrConstraintAlreadyExists} {category: SCHEMA} {title: `CREATE CONSTRAINT EpisodeId IF NOT EXISTS FOR (e:Episode) REQUIRE (e.id) IS UNIQUE` has no effect.} {description: `CONSTRAINT EpisodeId FOR (e:Episode) REQUIRE (e.id) IS UNIQUE` already exists.} {position: None} for query: 'CREATE CONSTRAINT EpisodeId IF NOT EXISTS FOR (e:Episode) REQUIRE e.id IS UNIQUE'[0m
[32m[2025-10-30 23:30:28] [INFO    ] [neo4j.notifications] Received notification from DBMS server: {severity: INFORMATION} {code: Neo.ClientNotification.Schema.IndexOrConstraintAlreadyExists} {category: SCHEMA} {title: `CREATE CONSTRAINT InferenceEpisodeId IF NOT EXISTS FOR (e:InferenceEpisode) REQUIRE (e.id) IS UNIQUE` has no effect.} {description: `CONSTRAINT InferenceEpisodeId FOR (e:InferenceEpisode) REQUIRE (e.id) IS UNIQUE` already exists.} {position: None} for query: 'CREATE CONSTRAINT InferenceEpisodeId IF NOT EXISTS FOR (ie:InferenceEpisode) REQUIRE ie.id IS UNIQUE'[0m
[32m[2025-10-30 23:30:28] [INFO    ] [neo4j.notifications] Received notification from DBMS server: {severity: INFORMATION} {code: Neo.ClientNotification.Schema.IndexOrConstraintAlreadyExists} {category: SCHEMA} {title: `CREATE CONSTRAINT ProofStepId IF NOT EXISTS FOR (e:ProofStep) REQUIRE (e.id) IS UNIQUE` has no effect.} {description: `CONSTRAINT ProofStepId FOR (e:ProofStep) REQUIRE (e.id) IS UNIQUE` already exists.} {position: None} for query: 'CREATE CONSTRAINT ProofStepId IF NOT EXISTS FOR (ps:ProofStep) REQUIRE ps.id IS UNIQUE'[0m
[32m[2025-10-30 23:30:28] [INFO    ] [neo4j.notifications] Received notification from DBMS server: {severity: INFORMATION} {code: Neo.ClientNotification.Schema.IndexOrConstraintAlreadyExists} {category: SCHEMA} {title: `CREATE CONSTRAINT HypothesisId IF NOT EXISTS FOR (e:Hypothesis) REQUIRE (e.id) IS UNIQUE` has no effect.} {description: `CONSTRAINT HypothesisId FOR (e:Hypothesis) REQUIRE (e.id) IS UNIQUE` already exists.} {position: None} for query: 'CREATE CONSTRAINT HypothesisId IF NOT EXISTS FOR (h:Hypothesis) REQUIRE h.id IS UNIQUE'[0m
[32m[2025-10-30 23:30:28] [INFO    ] [component_1_netzwerk_core] Neo4j Constraints erfolgreich konfiguriert[0m
[32m[2025-10-30 23:30:28] [INFO    ] [neo4j.notifications] Received notification from DBMS server: {severity: INFORMATION} {code: Neo.ClientNotification.Schema.IndexOrConstraintAlreadyExists} {category: SCHEMA} {title: `CREATE CONSTRAINT UsageContextId IF NOT EXISTS FOR (e:UsageContext) REQUIRE (e.id) IS UNIQUE` has no effect.} {description: `CONSTRAINT UsageContextId FOR (e:UsageContext) REQUIRE (e.id) IS UNIQUE` already exists.} {position: None} for query: '\n                CREATE CONSTRAINT UsageContextId IF NOT EXISTS\n                FOR (uc:UsageContext) REQUIRE uc.id IS UNIQUE\n                '[0m
[32m[2025-10-30 23:30:28] [INFO    ] [neo4j.notifications] Received notification from DBMS server: {severity: INFORMATION} {code: Neo.ClientNotification.Schema.IndexOrConstraintAlreadyExists} {category: SCHEMA} {title: `CREATE CONSTRAINT TypoFeedbackId IF NOT EXISTS FOR (e:TypoFeedback) REQUIRE (e.id) IS UNIQUE` has no effect.} {description: `CONSTRAINT TypoFeedbackId FOR (e:TypoFeedback) REQUIRE (e.id) IS UNIQUE` already exists.} {position: None} for query: '\n                CREATE CONSTRAINT TypoFeedbackId IF NOT EXISTS\n                FOR (tf:TypoFeedback) REQUIRE tf.id IS UNIQUE\n                '[0m
[32m[2025-10-30 23:30:28] [INFO    ] [component_16_probabilistic_engine] ProbabilisticEngine initialisiert.[0m
[32m[2025-10-30 23:30:28] [INFO    ] [component_9_logik_engine] Logik-Engine initialisiert mit probabilistischer Unterst�tzung.[0m
[32m[2025-10-30 23:30:28] [INFO    ] [component_9_logik_engine] Logik-Engine initialisiert mit SAT-Solver f�r Boolean Reasoning.[0m
[32m[2025-10-30 23:30:28] [INFO    ] [component_1_netzwerk_core] Neue Relation erstellt | subject=test_vogel | relation=CAPABLE_OF | object=test_fliegen | source=None[0m
[32m[2025-10-30 23:30:28] [INFO    ] [component_1_netzwerk_core] Neue Relation erstellt | subject=test_vogel | relation=HAS_PROPERTY | object=test_fl�gel | source=None[0m
[32m[2025-10-30 23:30:28] [INFO    ] [component_1_netzwerk_core] Neue Relation erstellt | subject=test_vogel | relation=HAS_PROPERTY | object=test_federkleid | source=None[0m
[32m[2025-10-30 23:30:28] [INFO    ] [component_1_netzwerk_core] Neue Relation erstellt | subject=test_vogel | relation=IS_A | object=test_tier | source=None[0m
[32m[2025-10-30 23:30:28] [INFO    ] [component_1_netzwerk_core] Neue Relation erstellt | subject=test_sonnenlicht | relation=CAUSES | object=test_w�rme | source=None[0m
PASSED
tests/test_abductive_reasoning.py::TestCausalChainStrategy::test_causal_chain_multi_hop [32m[2025-10-30 23:30:28] [INFO    ] [component_1_netzwerk_core] Initialisiere Neo4j-Verbindung | uri=bolt://127.0.0.1:7687 | user=neo4j[0m
[32m[2025-10-30 23:30:28] [INFO    ] [component_1_netzwerk_core] Neo4j-Verbindung erfolgreich hergestellt | uri=bolt://127.0.0.1:7687[0m
[32m[2025-10-30 23:30:28] [INFO    ] [neo4j.notifications] Received notification from DBMS server: {severity: INFORMATION} {code: Neo.ClientNotification.Schema.IndexOrConstraintAlreadyExists} {category: SCHEMA} {title: `CREATE CONSTRAINT WortLemma IF NOT EXISTS FOR (e:Wort) REQUIRE (e.lemma) IS UNIQUE` has no effect.} {description: `CONSTRAINT WortLemma FOR (e:Wort) REQUIRE (e.lemma) IS UNIQUE` already exists.} {position: None} for query: 'CREATE CONSTRAINT WortLemma IF NOT EXISTS FOR (w:Wort) REQUIRE w.lemma IS UNIQUE'[0m
[32m[2025-10-30 23:30:28] [INFO    ] [neo4j.notifications] Received notification from DBMS server: {severity: INFORMATION} {code: Neo.ClientNotification.Schema.IndexOrConstraintAlreadyExists} {category: SCHEMA} {title: `CREATE CONSTRAINT KonzeptName IF NOT EXISTS FOR (e:Konzept) REQUIRE (e.name) IS UNIQUE` has no effect.} {description: `CONSTRAINT KonzeptName FOR (e:Konzept) REQUIRE (e.name) IS UNIQUE` already exists.} {position: None} for query: 'CREATE CONSTRAINT KonzeptName IF NOT EXISTS FOR (k:Konzept) REQUIRE k.name IS UNIQUE'[0m
[32m[2025-10-30 23:30:28] [INFO    ] [neo4j.notifications] Received notification from DBMS server: {severity: INFORMATION} {code: Neo.ClientNotification.Schema.IndexOrConstraintAlreadyExists} {category: SCHEMA} {title: `CREATE CONSTRAINT ExtractionRuleType IF NOT EXISTS FOR (e:ExtractionRule) REQUIRE (e.relation_type) IS UNIQUE` has no effect.} {description: `CONSTRAINT ExtractionRuleType FOR (e:ExtractionRule) REQUIRE (e.relation_type) IS UNIQUE` already exists.} {position: None} for query: 'CREATE CONSTRAINT ExtractionRuleType IF NOT EXISTS FOR (r:ExtractionRule) REQUIRE r.relation_type IS UNIQUE'[0m
[32m[2025-10-30 23:30:28] [INFO    ] [neo4j.notifications] Received notification from DBMS server: {severity: INFORMATION} {code: Neo.ClientNotification.Schema.IndexOrConstraintAlreadyExists} {category: SCHEMA} {title: `CREATE CONSTRAINT PatternPrototypeId IF NOT EXISTS FOR (e:PatternPrototype) REQUIRE (e.id) IS UNIQUE` has no effect.} {description: `CONSTRAINT PatternPrototypeId FOR (e:PatternPrototype) REQUIRE (e.id) IS UNIQUE` already exists.} {position: None} for query: 'CREATE CONSTRAINT PatternPrototypeId IF NOT EXISTS FOR (p:PatternPrototype) REQUIRE p.id IS UNIQUE'[0m
[32m[2025-10-30 23:30:28] [INFO    ] [neo4j.notifications] Received notification from DBMS server: {severity: INFORMATION} {code: Neo.ClientNotification.Schema.IndexOrConstraintAlreadyExists} {category: SCHEMA} {title: `CREATE CONSTRAINT LexiconName IF NOT EXISTS FOR (e:Lexicon) REQUIRE (e.name) IS UNIQUE` has no effect.} {description: `CONSTRAINT LexiconName FOR (e:Lexicon) REQUIRE (e.name) IS UNIQUE` already exists.} {position: None} for query: 'CREATE CONSTRAINT LexiconName IF NOT EXISTS FOR (l:Lexicon) REQUIRE l.name IS UNIQUE'[0m
[32m[2025-10-30 23:30:28] [INFO    ] [neo4j.notifications] Received notification from DBMS server: {severity: INFORMATION} {code: Neo.ClientNotification.Schema.IndexOrConstraintAlreadyExists} {category: SCHEMA} {title: `CREATE CONSTRAINT EpisodeId IF NOT EXISTS FOR (e:Episode) REQUIRE (e.id) IS UNIQUE` has no effect.} {description: `CONSTRAINT EpisodeId FOR (e:Episode) REQUIRE (e.id) IS UNIQUE` already exists.} {position: None} for query: 'CREATE CONSTRAINT EpisodeId IF NOT EXISTS FOR (e:Episode) REQUIRE e.id IS UNIQUE'[0m
[32m[2025-10-30 23:30:28] [INFO    ] [neo4j.notifications] Received notification from DBMS server: {severity: INFORMATION} {code: Neo.ClientNotification.Schema.IndexOrConstraintAlreadyExists} {category: SCHEMA} {title: `CREATE CONSTRAINT InferenceEpisodeId IF NOT EXISTS FOR (e:InferenceEpisode) REQUIRE (e.id) IS UNIQUE` has no effect.} {description: `CONSTRAINT InferenceEpisodeId FOR (e:InferenceEpisode) REQUIRE (e.id) IS UNIQUE` already exists.} {position: None} for query: 'CREATE CONSTRAINT InferenceEpisodeId IF NOT EXISTS FOR (ie:InferenceEpisode) REQUIRE ie.id IS UNIQUE'[0m
[32m[2025-10-30 23:30:28] [INFO    ] [neo4j.notifications] Received notification from DBMS server: {severity: INFORMATION} {code: Neo.ClientNotification.Schema.IndexOrConstraintAlreadyExists} {category: SCHEMA} {title: `CREATE CONSTRAINT ProofStepId IF NOT EXISTS FOR (e:ProofStep) REQUIRE (e.id) IS UNIQUE` has no effect.} {description: `CONSTRAINT ProofStepId FOR (e:ProofStep) REQUIRE (e.id) IS UNIQUE` already exists.} {position: None} for query: 'CREATE CONSTRAINT ProofStepId IF NOT EXISTS FOR (ps:ProofStep) REQUIRE ps.id IS UNIQUE'[0m
[32m[2025-10-30 23:30:28] [INFO    ] [neo4j.notifications] Received notification from DBMS server: {severity: INFORMATION} {code: Neo.ClientNotification.Schema.IndexOrConstraintAlreadyExists} {category: SCHEMA} {title: `CREATE CONSTRAINT HypothesisId IF NOT EXISTS FOR (e:Hypothesis) REQUIRE (e.id) IS UNIQUE` has no effect.} {description: `CONSTRAINT HypothesisId FOR (e:Hypothesis) REQUIRE (e.id) IS UNIQUE` already exists.} {position: None} for query: 'CREATE CONSTRAINT HypothesisId IF NOT EXISTS FOR (h:Hypothesis) REQUIRE h.id IS UNIQUE'[0m
[32m[2025-10-30 23:30:28] [INFO    ] [component_1_netzwerk_core] Neo4j Constraints erfolgreich konfiguriert[0m
[32m[2025-10-30 23:30:28] [INFO    ] [neo4j.notifications] Received notification from DBMS server: {severity: INFORMATION} {code: Neo.ClientNotification.Schema.IndexOrConstraintAlreadyExists} {category: SCHEMA} {title: `CREATE CONSTRAINT UsageContextId IF NOT EXISTS FOR (e:UsageContext) REQUIRE (e.id) IS UNIQUE` has no effect.} {description: `CONSTRAINT UsageContextId FOR (e:UsageContext) REQUIRE (e.id) IS UNIQUE` already exists.} {position: None} for query: '\n                CREATE CONSTRAINT UsageContextId IF NOT EXISTS\n                FOR (uc:UsageContext) REQUIRE uc.id IS UNIQUE\n                '[0m
[32m[2025-10-30 23:30:28] [INFO    ] [neo4j.notifications] Received notification from DBMS server: {severity: INFORMATION} {code: Neo.ClientNotification.Schema.IndexOrConstraintAlreadyExists} {category: SCHEMA} {title: `CREATE CONSTRAINT TypoFeedbackId IF NOT EXISTS FOR (e:TypoFeedback) REQUIRE (e.id) IS UNIQUE` has no effect.} {description: `CONSTRAINT TypoFeedbackId FOR (e:TypoFeedback) REQUIRE (e.id) IS UNIQUE` already exists.} {position: None} for query: '\n                CREATE CONSTRAINT TypoFeedbackId IF NOT EXISTS\n                FOR (tf:TypoFeedback) REQUIRE tf.id IS UNIQUE\n                '[0m
[32m[2025-10-30 23:30:28] [INFO    ] [component_16_probabilistic_engine] ProbabilisticEngine initialisiert.[0m
[32m[2025-10-30 23:30:28] [INFO    ] [component_9_logik_engine] Logik-Engine initialisiert mit probabilistischer Unterst�tzung.[0m
[32m[2025-10-30 23:30:28] [INFO    ] [component_9_logik_engine] Logik-Engine initialisiert mit SAT-Solver f�r Boolean Reasoning.[0m
[32m[2025-10-30 23:30:28] [INFO    ] [component_1_netzwerk_core] Neue Relation erstellt | subject=test_vogel | relation=CAPABLE_OF | object=test_fliegen | source=None[0m
[32m[2025-10-30 23:30:28] [INFO    ] [component_1_netzwerk_core] Neue Relation erstellt | subject=test_vogel | relation=HAS_PROPERTY | object=test_fl�gel | source=None[0m
[32m[2025-10-30 23:30:28] [INFO    ] [component_1_netzwerk_core] Neue Relation erstellt | subject=test_vogel | relation=HAS_PROPERTY | object=test_federkleid | source=None[0m
[32m[2025-10-30 23:30:28] [INFO    ] [component_1_netzwerk_core] Neue Relation erstellt | subject=test_vogel | relation=IS_A | object=test_tier | source=None[0m
[32m[2025-10-30 23:30:28] [INFO    ] [component_1_netzwerk_core] Neue Relation erstellt | subject=test_verdunstung | relation=CAUSES | object=test_wolken | source=None[0m
[32m[2025-10-30 23:30:28] [INFO    ] [component_1_netzwerk_core] Neue Relation erstellt | subject=test_wolken | relation=CAUSES | object=test_regen | source=None[0m
PASSED
tests/test_abductive_reasoning.py::TestMultiCriteriaScoring::test_coverage_score [32m[2025-10-30 23:30:28] [INFO    ] [component_1_netzwerk_core] Initialisiere Neo4j-Verbindung | uri=bolt://127.0.0.1:7687 | user=neo4j[0m
[32m[2025-10-30 23:30:28] [INFO    ] [component_1_netzwerk_core] Neo4j-Verbindung erfolgreich hergestellt | uri=bolt://127.0.0.1:7687[0m
[32m[2025-10-30 23:30:28] [INFO    ] [neo4j.notifications] Received notification from DBMS server: {severity: INFORMATION} {code: Neo.ClientNotification.Schema.IndexOrConstraintAlreadyExists} {category: SCHEMA} {title: `CREATE CONSTRAINT WortLemma IF NOT EXISTS FOR (e:Wort) REQUIRE (e.lemma) IS UNIQUE` has no effect.} {description: `CONSTRAINT WortLemma FOR (e:Wort) REQUIRE (e.lemma) IS UNIQUE` already exists.} {position: None} for query: 'CREATE CONSTRAINT WortLemma IF NOT EXISTS FOR (w:Wort) REQUIRE w.lemma IS UNIQUE'[0m
[32m[2025-10-30 23:30:28] [INFO    ] [neo4j.notifications] Received notification from DBMS server: {severity: INFORMATION} {code: Neo.ClientNotification.Schema.IndexOrConstraintAlreadyExists} {category: SCHEMA} {title: `CREATE CONSTRAINT KonzeptName IF NOT EXISTS FOR (e:Konzept) REQUIRE (e.name) IS UNIQUE` has no effect.} {description: `CONSTRAINT KonzeptName FOR (e:Konzept) REQUIRE (e.name) IS UNIQUE` already exists.} {position: None} for query: 'CREATE CONSTRAINT KonzeptName IF NOT EXISTS FOR (k:Konzept) REQUIRE k.name IS UNIQUE'[0m
[32m[2025-10-30 23:30:28] [INFO    ] [neo4j.notifications] Received notification from DBMS server: {severity: INFORMATION} {code: Neo.ClientNotification.Schema.IndexOrConstraintAlreadyExists} {category: SCHEMA} {title: `CREATE CONSTRAINT ExtractionRuleType IF NOT EXISTS FOR (e:ExtractionRule) REQUIRE (e.relation_type) IS UNIQUE` has no effect.} {description: `CONSTRAINT ExtractionRuleType FOR (e:ExtractionRule) REQUIRE (e.relation_type) IS UNIQUE` already exists.} {position: None} for query: 'CREATE CONSTRAINT ExtractionRuleType IF NOT EXISTS FOR (r:ExtractionRule) REQUIRE r.relation_type IS UNIQUE'[0m
[32m[2025-10-30 23:30:28] [INFO    ] [neo4j.notifications] Received notification from DBMS server: {severity: INFORMATION} {code: Neo.ClientNotification.Schema.IndexOrConstraintAlreadyExists} {category: SCHEMA} {title: `CREATE CONSTRAINT PatternPrototypeId IF NOT EXISTS FOR (e:PatternPrototype) REQUIRE (e.id) IS UNIQUE` has no effect.} {description: `CONSTRAINT PatternPrototypeId FOR (e:PatternPrototype) REQUIRE (e.id) IS UNIQUE` already exists.} {position: None} for query: 'CREATE CONSTRAINT PatternPrototypeId IF NOT EXISTS FOR (p:PatternPrototype) REQUIRE p.id IS UNIQUE'[0m
[32m[2025-10-30 23:30:28] [INFO    ] [neo4j.notifications] Received notification from DBMS server: {severity: INFORMATION} {code: Neo.ClientNotification.Schema.IndexOrConstraintAlreadyExists} {category: SCHEMA} {title: `CREATE CONSTRAINT LexiconName IF NOT EXISTS FOR (e:Lexicon) REQUIRE (e.name) IS UNIQUE` has no effect.} {description: `CONSTRAINT LexiconName FOR (e:Lexicon) REQUIRE (e.name) IS UNIQUE` already exists.} {position: None} for query: 'CREATE CONSTRAINT LexiconName IF NOT EXISTS FOR (l:Lexicon) REQUIRE l.name IS UNIQUE'[0m
[32m[2025-10-30 23:30:28] [INFO    ] [neo4j.notifications] Received notification from DBMS server: {severity: INFORMATION} {code: Neo.ClientNotification.Schema.IndexOrConstraintAlreadyExists} {category: SCHEMA} {title: `CREATE CONSTRAINT EpisodeId IF NOT EXISTS FOR (e:Episode) REQUIRE (e.id) IS UNIQUE` has no effect.} {description: `CONSTRAINT EpisodeId FOR (e:Episode) REQUIRE (e.id) IS UNIQUE` already exists.} {position: None} for query: 'CREATE CONSTRAINT EpisodeId IF NOT EXISTS FOR (e:Episode) REQUIRE e.id IS UNIQUE'[0m
[32m[2025-10-30 23:30:28] [INFO    ] [neo4j.notifications] Received notification from DBMS server: {severity: INFORMATION} {code: Neo.ClientNotification.Schema.IndexOrConstraintAlreadyExists} {category: SCHEMA} {title: `CREATE CONSTRAINT InferenceEpisodeId IF NOT EXISTS FOR (e:InferenceEpisode) REQUIRE (e.id) IS UNIQUE` has no effect.} {description: `CONSTRAINT InferenceEpisodeId FOR (e:InferenceEpisode) REQUIRE (e.id) IS UNIQUE` already exists.} {position: None} for query: 'CREATE CONSTRAINT InferenceEpisodeId IF NOT EXISTS FOR (ie:InferenceEpisode) REQUIRE ie.id IS UNIQUE'[0m
[32m[2025-10-30 23:30:28] [INFO    ] [neo4j.notifications] Received notification from DBMS server: {severity: INFORMATION} {code: Neo.ClientNotification.Schema.IndexOrConstraintAlreadyExists} {category: SCHEMA} {title: `CREATE CONSTRAINT ProofStepId IF NOT EXISTS FOR (e:ProofStep) REQUIRE (e.id) IS UNIQUE` has no effect.} {description: `CONSTRAINT ProofStepId FOR (e:ProofStep) REQUIRE (e.id) IS UNIQUE` already exists.} {position: None} for query: 'CREATE CONSTRAINT ProofStepId IF NOT EXISTS FOR (ps:ProofStep) REQUIRE ps.id IS UNIQUE'[0m
[32m[2025-10-30 23:30:28] [INFO    ] [neo4j.notifications] Received notification from DBMS server: {severity: INFORMATION} {code: Neo.ClientNotification.Schema.IndexOrConstraintAlreadyExists} {category: SCHEMA} {title: `CREATE CONSTRAINT HypothesisId IF NOT EXISTS FOR (e:Hypothesis) REQUIRE (e.id) IS UNIQUE` has no effect.} {description: `CONSTRAINT HypothesisId FOR (e:Hypothesis) REQUIRE (e.id) IS UNIQUE` already exists.} {position: None} for query: 'CREATE CONSTRAINT HypothesisId IF NOT EXISTS FOR (h:Hypothesis) REQUIRE h.id IS UNIQUE'[0m
[32m[2025-10-30 23:30:28] [INFO    ] [component_1_netzwerk_core] Neo4j Constraints erfolgreich konfiguriert[0m
[32m[2025-10-30 23:30:28] [INFO    ] [neo4j.notifications] Received notification from DBMS server: {severity: INFORMATION} {code: Neo.ClientNotification.Schema.IndexOrConstraintAlreadyExists} {category: SCHEMA} {title: `CREATE CONSTRAINT UsageContextId IF NOT EXISTS FOR (e:UsageContext) REQUIRE (e.id) IS UNIQUE` has no effect.} {description: `CONSTRAINT UsageContextId FOR (e:UsageContext) REQUIRE (e.id) IS UNIQUE` already exists.} {position: None} for query: '\n                CREATE CONSTRAINT UsageContextId IF NOT EXISTS\n                FOR (uc:UsageContext) REQUIRE uc.id IS UNIQUE\n                '[0m
[32m[2025-10-30 23:30:28] [INFO    ] [neo4j.notifications] Received notification from DBMS server: {severity: INFORMATION} {code: Neo.ClientNotification.Schema.IndexOrConstraintAlreadyExists} {category: SCHEMA} {title: `CREATE CONSTRAINT TypoFeedbackId IF NOT EXISTS FOR (e:TypoFeedback) REQUIRE (e.id) IS UNIQUE` has no effect.} {description: `CONSTRAINT TypoFeedbackId FOR (e:TypoFeedback) REQUIRE (e.id) IS UNIQUE` already exists.} {position: None} for query: '\n                CREATE CONSTRAINT TypoFeedbackId IF NOT EXISTS\n                FOR (tf:TypoFeedback) REQUIRE tf.id IS UNIQUE\n                '[0m
[32m[2025-10-30 23:30:28] [INFO    ] [component_16_probabilistic_engine] ProbabilisticEngine initialisiert.[0m
[32m[2025-10-30 23:30:28] [INFO    ] [component_9_logik_engine] Logik-Engine initialisiert mit probabilistischer Unterst�tzung.[0m
[32m[2025-10-30 23:30:28] [INFO    ] [component_9_logik_engine] Logik-Engine initialisiert mit SAT-Solver f�r Boolean Reasoning.[0m
PASSED
tests/test_abductive_reasoning.py::TestMultiCriteriaScoring::test_simplicity_score [32m[2025-10-30 23:30:28] [INFO    ] [component_1_netzwerk_core] Initialisiere Neo4j-Verbindung | uri=bolt://127.0.0.1:7687 | user=neo4j[0m
[32m[2025-10-30 23:30:28] [INFO    ] [component_1_netzwerk_core] Neo4j-Verbindung erfolgreich hergestellt | uri=bolt://127.0.0.1:7687[0m
[32m[2025-10-30 23:30:28] [INFO    ] [neo4j.notifications] Received notification from DBMS server: {severity: INFORMATION} {code: Neo.ClientNotification.Schema.IndexOrConstraintAlreadyExists} {category: SCHEMA} {title: `CREATE CONSTRAINT WortLemma IF NOT EXISTS FOR (e:Wort) REQUIRE (e.lemma) IS UNIQUE` has no effect.} {description: `CONSTRAINT WortLemma FOR (e:Wort) REQUIRE (e.lemma) IS UNIQUE` already exists.} {position: None} for query: 'CREATE CONSTRAINT WortLemma IF NOT EXISTS FOR (w:Wort) REQUIRE w.lemma IS UNIQUE'[0m
[32m[2025-10-30 23:30:28] [INFO    ] [neo4j.notifications] Received notification from DBMS server: {severity: INFORMATION} {code: Neo.ClientNotification.Schema.IndexOrConstraintAlreadyExists} {category: SCHEMA} {title: `CREATE CONSTRAINT KonzeptName IF NOT EXISTS FOR (e:Konzept) REQUIRE (e.name) IS UNIQUE` has no effect.} {description: `CONSTRAINT KonzeptName FOR (e:Konzept) REQUIRE (e.name) IS UNIQUE` already exists.} {position: None} for query: 'CREATE CONSTRAINT KonzeptName IF NOT EXISTS FOR (k:Konzept) REQUIRE k.name IS UNIQUE'[0m
[32m[2025-10-30 23:30:28] [INFO    ] [neo4j.notifications] Received notification from DBMS server: {severity: INFORMATION} {code: Neo.ClientNotification.Schema.IndexOrConstraintAlreadyExists} {category: SCHEMA} {title: `CREATE CONSTRAINT ExtractionRuleType IF NOT EXISTS FOR (e:ExtractionRule) REQUIRE (e.relation_type) IS UNIQUE` has no effect.} {description: `CONSTRAINT ExtractionRuleType FOR (e:ExtractionRule) REQUIRE (e.relation_type) IS UNIQUE` already exists.} {position: None} for query: 'CREATE CONSTRAINT ExtractionRuleType IF NOT EXISTS FOR (r:ExtractionRule) REQUIRE r.relation_type IS UNIQUE'[0m
[32m[2025-10-30 23:30:28] [INFO    ] [neo4j.notifications] Received notification from DBMS server: {severity: INFORMATION} {code: Neo.ClientNotification.Schema.IndexOrConstraintAlreadyExists} {category: SCHEMA} {title: `CREATE CONSTRAINT PatternPrototypeId IF NOT EXISTS FOR (e:PatternPrototype) REQUIRE (e.id) IS UNIQUE` has no effect.} {description: `CONSTRAINT PatternPrototypeId FOR (e:PatternPrototype) REQUIRE (e.id) IS UNIQUE` already exists.} {position: None} for query: 'CREATE CONSTRAINT PatternPrototypeId IF NOT EXISTS FOR (p:PatternPrototype) REQUIRE p.id IS UNIQUE'[0m
[32m[2025-10-30 23:30:28] [INFO    ] [neo4j.notifications] Received notification from DBMS server: {severity: INFORMATION} {code: Neo.ClientNotification.Schema.IndexOrConstraintAlreadyExists} {category: SCHEMA} {title: `CREATE CONSTRAINT LexiconName IF NOT EXISTS FOR (e:Lexicon) REQUIRE (e.name) IS UNIQUE` has no effect.} {description: `CONSTRAINT LexiconName FOR (e:Lexicon) REQUIRE (e.name) IS UNIQUE` already exists.} {position: None} for query: 'CREATE CONSTRAINT LexiconName IF NOT EXISTS FOR (l:Lexicon) REQUIRE l.name IS UNIQUE'[0m
[32m[2025-10-30 23:30:28] [INFO    ] [neo4j.notifications] Received notification from DBMS server: {severity: INFORMATION} {code: Neo.ClientNotification.Schema.IndexOrConstraintAlreadyExists} {category: SCHEMA} {title: `CREATE CONSTRAINT EpisodeId IF NOT EXISTS FOR (e:Episode) REQUIRE (e.id) IS UNIQUE` has no effect.} {description: `CONSTRAINT EpisodeId FOR (e:Episode) REQUIRE (e.id) IS UNIQUE` already exists.} {position: None} for query: 'CREATE CONSTRAINT EpisodeId IF NOT EXISTS FOR (e:Episode) REQUIRE e.id IS UNIQUE'[0m
[32m[2025-10-30 23:30:28] [INFO    ] [neo4j.notifications] Received notification from DBMS server: {severity: INFORMATION} {code: Neo.ClientNotification.Schema.IndexOrConstraintAlreadyExists} {category: SCHEMA} {title: `CREATE CONSTRAINT InferenceEpisodeId IF NOT EXISTS FOR (e:InferenceEpisode) REQUIRE (e.id) IS UNIQUE` has no effect.} {description: `CONSTRAINT InferenceEpisodeId FOR (e:InferenceEpisode) REQUIRE (e.id) IS UNIQUE` already exists.} {position: None} for query: 'CREATE CONSTRAINT InferenceEpisodeId IF NOT EXISTS FOR (ie:InferenceEpisode) REQUIRE ie.id IS UNIQUE'[0m
[32m[2025-10-30 23:30:28] [INFO    ] [neo4j.notifications] Received notification from DBMS server: {severity: INFORMATION} {code: Neo.ClientNotification.Schema.IndexOrConstraintAlreadyExists} {category: SCHEMA} {title: `CREATE CONSTRAINT ProofStepId IF NOT EXISTS FOR (e:ProofStep) REQUIRE (e.id) IS UNIQUE` has no effect.} {description: `CONSTRAINT ProofStepId FOR (e:ProofStep) REQUIRE (e.id) IS UNIQUE` already exists.} {position: None} for query: 'CREATE CONSTRAINT ProofStepId IF NOT EXISTS FOR (ps:ProofStep) REQUIRE ps.id IS UNIQUE'[0m
[32m[2025-10-30 23:30:28] [INFO    ] [neo4j.notifications] Received notification from DBMS server: {severity: INFORMATION} {code: Neo.ClientNotification.Schema.IndexOrConstraintAlreadyExists} {category: SCHEMA} {title: `CREATE CONSTRAINT HypothesisId IF NOT EXISTS FOR (e:Hypothesis) REQUIRE (e.id) IS UNIQUE` has no effect.} {description: `CONSTRAINT HypothesisId FOR (e:Hypothesis) REQUIRE (e.id) IS UNIQUE` already exists.} {position: None} for query: 'CREATE CONSTRAINT HypothesisId IF NOT EXISTS FOR (h:Hypothesis) REQUIRE h.id IS UNIQUE'[0m
[32m[2025-10-30 23:30:28] [INFO    ] [component_1_netzwerk_core] Neo4j Constraints erfolgreich konfiguriert[0m
[32m[2025-10-30 23:30:28] [INFO    ] [neo4j.notifications] Received notification from DBMS server: {severity: INFORMATION} {code: Neo.ClientNotification.Schema.IndexOrConstraintAlreadyExists} {category: SCHEMA} {title: `CREATE CONSTRAINT UsageContextId IF NOT EXISTS FOR (e:UsageContext) REQUIRE (e.id) IS UNIQUE` has no effect.} {description: `CONSTRAINT UsageContextId FOR (e:UsageContext) REQUIRE (e.id) IS UNIQUE` already exists.} {position: None} for query: '\n                CREATE CONSTRAINT UsageContextId IF NOT EXISTS\n                FOR (uc:UsageContext) REQUIRE uc.id IS UNIQUE\n                '[0m
[32m[2025-10-30 23:30:28] [INFO    ] [neo4j.notifications] Received notification from DBMS server: {severity: INFORMATION} {code: Neo.ClientNotification.Schema.IndexOrConstraintAlreadyExists} {category: SCHEMA} {title: `CREATE CONSTRAINT TypoFeedbackId IF NOT EXISTS FOR (e:TypoFeedback) REQUIRE (e.id) IS UNIQUE` has no effect.} {description: `CONSTRAINT TypoFeedbackId FOR (e:TypoFeedback) REQUIRE (e.id) IS UNIQUE` already exists.} {position: None} for query: '\n                CREATE CONSTRAINT TypoFeedbackId IF NOT EXISTS\n                FOR (tf:TypoFeedback) REQUIRE tf.id IS UNIQUE\n                '[0m
[32m[2025-10-30 23:30:28] [INFO    ] [component_16_probabilistic_engine] ProbabilisticEngine initialisiert.[0m
[32m[2025-10-30 23:30:28] [INFO    ] [component_9_logik_engine] Logik-Engine initialisiert mit probabilistischer Unterst�tzung.[0m
[32m[2025-10-30 23:30:28] [INFO    ] [component_9_logik_engine] Logik-Engine initialisiert mit SAT-Solver f�r Boolean Reasoning.[0m
PASSED
tests/test_abductive_reasoning.py::TestMultiCriteriaScoring::test_coherence_score [32m[2025-10-30 23:30:28] [INFO    ] [component_1_netzwerk_core] Initialisiere Neo4j-Verbindung | uri=bolt://127.0.0.1:7687 | user=neo4j[0m
[32m[2025-10-30 23:30:28] [INFO    ] [component_1_netzwerk_core] Neo4j-Verbindung erfolgreich hergestellt | uri=bolt://127.0.0.1:7687[0m
[32m[2025-10-30 23:30:28] [INFO    ] [neo4j.notifications] Received notification from DBMS server: {severity: INFORMATION} {code: Neo.ClientNotification.Schema.IndexOrConstraintAlreadyExists} {category: SCHEMA} {title: `CREATE CONSTRAINT WortLemma IF NOT EXISTS FOR (e:Wort) REQUIRE (e.lemma) IS UNIQUE` has no effect.} {description: `CONSTRAINT WortLemma FOR (e:Wort) REQUIRE (e.lemma) IS UNIQUE` already exists.} {position: None} for query: 'CREATE CONSTRAINT WortLemma IF NOT EXISTS FOR (w:Wort) REQUIRE w.lemma IS UNIQUE'[0m
[32m[2025-10-30 23:30:28] [INFO    ] [neo4j.notifications] Received notification from DBMS server: {severity: INFORMATION} {code: Neo.ClientNotification.Schema.IndexOrConstraintAlreadyExists} {category: SCHEMA} {title: `CREATE CONSTRAINT KonzeptName IF NOT EXISTS FOR (e:Konzept) REQUIRE (e.name) IS UNIQUE` has no effect.} {description: `CONSTRAINT KonzeptName FOR (e:Konzept) REQUIRE (e.name) IS UNIQUE` already exists.} {position: None} for query: 'CREATE CONSTRAINT KonzeptName IF NOT EXISTS FOR (k:Konzept) REQUIRE k.name IS UNIQUE'[0m
[32m[2025-10-30 23:30:28] [INFO    ] [neo4j.notifications] Received notification from DBMS server: {severity: INFORMATION} {code: Neo.ClientNotification.Schema.IndexOrConstraintAlreadyExists} {category: SCHEMA} {title: `CREATE CONSTRAINT ExtractionRuleType IF NOT EXISTS FOR (e:ExtractionRule) REQUIRE (e.relation_type) IS UNIQUE` has no effect.} {description: `CONSTRAINT ExtractionRuleType FOR (e:ExtractionRule) REQUIRE (e.relation_type) IS UNIQUE` already exists.} {position: None} for query: 'CREATE CONSTRAINT ExtractionRuleType IF NOT EXISTS FOR (r:ExtractionRule) REQUIRE r.relation_type IS UNIQUE'[0m
[32m[2025-10-30 23:30:28] [INFO    ] [neo4j.notifications] Received notification from DBMS server: {severity: INFORMATION} {code: Neo.ClientNotification.Schema.IndexOrConstraintAlreadyExists} {category: SCHEMA} {title: `CREATE CONSTRAINT PatternPrototypeId IF NOT EXISTS FOR (e:PatternPrototype) REQUIRE (e.id) IS UNIQUE` has no effect.} {description: `CONSTRAINT PatternPrototypeId FOR (e:PatternPrototype) REQUIRE (e.id) IS UNIQUE` already exists.} {position: None} for query: 'CREATE CONSTRAINT PatternPrototypeId IF NOT EXISTS FOR (p:PatternPrototype) REQUIRE p.id IS UNIQUE'[0m
[32m[2025-10-30 23:30:28] [INFO    ] [neo4j.notifications] Received notification from DBMS server: {severity: INFORMATION} {code: Neo.ClientNotification.Schema.IndexOrConstraintAlreadyExists} {category: SCHEMA} {title: `CREATE CONSTRAINT LexiconName IF NOT EXISTS FOR (e:Lexicon) REQUIRE (e.name) IS UNIQUE` has no effect.} {description: `CONSTRAINT LexiconName FOR (e:Lexicon) REQUIRE (e.name) IS UNIQUE` already exists.} {position: None} for query: 'CREATE CONSTRAINT LexiconName IF NOT EXISTS FOR (l:Lexicon) REQUIRE l.name IS UNIQUE'[0m
[32m[2025-10-30 23:30:28] [INFO    ] [neo4j.notifications] Received notification from DBMS server: {severity: INFORMATION} {code: Neo.ClientNotification.Schema.IndexOrConstraintAlreadyExists} {category: SCHEMA} {title: `CREATE CONSTRAINT EpisodeId IF NOT EXISTS FOR (e:Episode) REQUIRE (e.id) IS UNIQUE` has no effect.} {description: `CONSTRAINT EpisodeId FOR (e:Episode) REQUIRE (e.id) IS UNIQUE` already exists.} {position: None} for query: 'CREATE CONSTRAINT EpisodeId IF NOT EXISTS FOR (e:Episode) REQUIRE e.id IS UNIQUE'[0m
[32m[2025-10-30 23:30:28] [INFO    ] [neo4j.notifications] Received notification from DBMS server: {severity: INFORMATION} {code: Neo.ClientNotification.Schema.IndexOrConstraintAlreadyExists} {category: SCHEMA} {title: `CREATE CONSTRAINT InferenceEpisodeId IF NOT EXISTS FOR (e:InferenceEpisode) REQUIRE (e.id) IS UNIQUE` has no effect.} {description: `CONSTRAINT InferenceEpisodeId FOR (e:InferenceEpisode) REQUIRE (e.id) IS UNIQUE` already exists.} {position: None} for query: 'CREATE CONSTRAINT InferenceEpisodeId IF NOT EXISTS FOR (ie:InferenceEpisode) REQUIRE ie.id IS UNIQUE'[0m
[32m[2025-10-30 23:30:28] [INFO    ] [neo4j.notifications] Received notification from DBMS server: {severity: INFORMATION} {code: Neo.ClientNotification.Schema.IndexOrConstraintAlreadyExists} {category: SCHEMA} {title: `CREATE CONSTRAINT ProofStepId IF NOT EXISTS FOR (e:ProofStep) REQUIRE (e.id) IS UNIQUE` has no effect.} {description: `CONSTRAINT ProofStepId FOR (e:ProofStep) REQUIRE (e.id) IS UNIQUE` already exists.} {position: None} for query: 'CREATE CONSTRAINT ProofStepId IF NOT EXISTS FOR (ps:ProofStep) REQUIRE ps.id IS UNIQUE'[0m
[32m[2025-10-30 23:30:28] [INFO    ] [neo4j.notifications] Received notification from DBMS server: {severity: INFORMATION} {code: Neo.ClientNotification.Schema.IndexOrConstraintAlreadyExists} {category: SCHEMA} {title: `CREATE CONSTRAINT HypothesisId IF NOT EXISTS FOR (e:Hypothesis) REQUIRE (e.id) IS UNIQUE` has no effect.} {description: `CONSTRAINT HypothesisId FOR (e:Hypothesis) REQUIRE (e.id) IS UNIQUE` already exists.} {position: None} for query: 'CREATE CONSTRAINT HypothesisId IF NOT EXISTS FOR (h:Hypothesis) REQUIRE h.id IS UNIQUE'[0m
[32m[2025-10-30 23:30:28] [INFO    ] [component_1_netzwerk_core] Neo4j Constraints erfolgreich konfiguriert[0m
[32m[2025-10-30 23:30:28] [INFO    ] [neo4j.notifications] Received notification from DBMS server: {severity: INFORMATION} {code: Neo.ClientNotification.Schema.IndexOrConstraintAlreadyExists} {category: SCHEMA} {title: `CREATE CONSTRAINT UsageContextId IF NOT EXISTS FOR (e:UsageContext) REQUIRE (e.id) IS UNIQUE` has no effect.} {description: `CONSTRAINT UsageContextId FOR (e:UsageContext) REQUIRE (e.id) IS UNIQUE` already exists.} {position: None} for query: '\n                CREATE CONSTRAINT UsageContextId IF NOT EXISTS\n                FOR (uc:UsageContext) REQUIRE uc.id IS UNIQUE\n                '[0m
[32m[2025-10-30 23:30:28] [INFO    ] [neo4j.notifications] Received notification from DBMS server: {severity: INFORMATION} {code: Neo.ClientNotification.Schema.IndexOrConstraintAlreadyExists} {category: SCHEMA} {title: `CREATE CONSTRAINT TypoFeedbackId IF NOT EXISTS FOR (e:TypoFeedback) REQUIRE (e.id) IS UNIQUE` has no effect.} {description: `CONSTRAINT TypoFeedbackId FOR (e:TypoFeedback) REQUIRE (e.id) IS UNIQUE` already exists.} {position: None} for query: '\n                CREATE CONSTRAINT TypoFeedbackId IF NOT EXISTS\n                FOR (tf:TypoFeedback) REQUIRE tf.id IS UNIQUE\n                '[0m
[32m[2025-10-30 23:30:28] [INFO    ] [component_16_probabilistic_engine] ProbabilisticEngine initialisiert.[0m
[32m[2025-10-30 23:30:28] [INFO    ] [component_9_logik_engine] Logik-Engine initialisiert mit probabilistischer Unterst�tzung.[0m
[32m[2025-10-30 23:30:28] [INFO    ] [component_9_logik_engine] Logik-Engine initialisiert mit SAT-Solver f�r Boolean Reasoning.[0m
[32m[2025-10-30 23:30:29] [INFO    ] [component_1_netzwerk_core] Neue Relation erstellt | subject=test_vogel | relation=CAPABLE_OF | object=test_fliegen | source=None[0m
[32m[2025-10-30 23:30:29] [INFO    ] [component_1_netzwerk_core] Neue Relation erstellt | subject=test_vogel | relation=HAS_PROPERTY | object=test_fl�gel | source=None[0m
[32m[2025-10-30 23:30:29] [INFO    ] [component_1_netzwerk_core] Neue Relation erstellt | subject=test_vogel | relation=HAS_PROPERTY | object=test_federkleid | source=None[0m
[32m[2025-10-30 23:30:29] [INFO    ] [component_1_netzwerk_core] Neue Relation erstellt | subject=test_vogel | relation=IS_A | object=test_tier | source=None[0m
PASSED
tests/test_abductive_reasoning.py::TestMultiCriteriaScoring::test_specificity_score [32m[2025-10-30 23:30:29] [INFO    ] [component_1_netzwerk_core] Initialisiere Neo4j-Verbindung | uri=bolt://127.0.0.1:7687 | user=neo4j[0m
[32m[2025-10-30 23:30:29] [INFO    ] [component_1_netzwerk_core] Neo4j-Verbindung erfolgreich hergestellt | uri=bolt://127.0.0.1:7687[0m
[32m[2025-10-30 23:30:29] [INFO    ] [neo4j.notifications] Received notification from DBMS server: {severity: INFORMATION} {code: Neo.ClientNotification.Schema.IndexOrConstraintAlreadyExists} {category: SCHEMA} {title: `CREATE CONSTRAINT WortLemma IF NOT EXISTS FOR (e:Wort) REQUIRE (e.lemma) IS UNIQUE` has no effect.} {description: `CONSTRAINT WortLemma FOR (e:Wort) REQUIRE (e.lemma) IS UNIQUE` already exists.} {position: None} for query: 'CREATE CONSTRAINT WortLemma IF NOT EXISTS FOR (w:Wort) REQUIRE w.lemma IS UNIQUE'[0m
[32m[2025-10-30 23:30:29] [INFO    ] [neo4j.notifications] Received notification from DBMS server: {severity: INFORMATION} {code: Neo.ClientNotification.Schema.IndexOrConstraintAlreadyExists} {category: SCHEMA} {title: `CREATE CONSTRAINT KonzeptName IF NOT EXISTS FOR (e:Konzept) REQUIRE (e.name) IS UNIQUE` has no effect.} {description: `CONSTRAINT KonzeptName FOR (e:Konzept) REQUIRE (e.name) IS UNIQUE` already exists.} {position: None} for query: 'CREATE CONSTRAINT KonzeptName IF NOT EXISTS FOR (k:Konzept) REQUIRE k.name IS UNIQUE'[0m
[32m[2025-10-30 23:30:29] [INFO    ] [neo4j.notifications] Received notification from DBMS server: {severity: INFORMATION} {code: Neo.ClientNotification.Schema.IndexOrConstraintAlreadyExists} {category: SCHEMA} {title: `CREATE CONSTRAINT ExtractionRuleType IF NOT EXISTS FOR (e:ExtractionRule) REQUIRE (e.relation_type) IS UNIQUE` has no effect.} {description: `CONSTRAINT ExtractionRuleType FOR (e:ExtractionRule) REQUIRE (e.relation_type) IS UNIQUE` already exists.} {position: None} for query: 'CREATE CONSTRAINT ExtractionRuleType IF NOT EXISTS FOR (r:ExtractionRule) REQUIRE r.relation_type IS UNIQUE'[0m
[32m[2025-10-30 23:30:29] [INFO    ] [neo4j.notifications] Received notification from DBMS server: {severity: INFORMATION} {code: Neo.ClientNotification.Schema.IndexOrConstraintAlreadyExists} {category: SCHEMA} {title: `CREATE CONSTRAINT PatternPrototypeId IF NOT EXISTS FOR (e:PatternPrototype) REQUIRE (e.id) IS UNIQUE` has no effect.} {description: `CONSTRAINT PatternPrototypeId FOR (e:PatternPrototype) REQUIRE (e.id) IS UNIQUE` already exists.} {position: None} for query: 'CREATE CONSTRAINT PatternPrototypeId IF NOT EXISTS FOR (p:PatternPrototype) REQUIRE p.id IS UNIQUE'[0m
[32m[2025-10-30 23:30:29] [INFO    ] [neo4j.notifications] Received notification from DBMS server: {severity: INFORMATION} {code: Neo.ClientNotification.Schema.IndexOrConstraintAlreadyExists} {category: SCHEMA} {title: `CREATE CONSTRAINT LexiconName IF NOT EXISTS FOR (e:Lexicon) REQUIRE (e.name) IS UNIQUE` has no effect.} {description: `CONSTRAINT LexiconName FOR (e:Lexicon) REQUIRE (e.name) IS UNIQUE` already exists.} {position: None} for query: 'CREATE CONSTRAINT LexiconName IF NOT EXISTS FOR (l:Lexicon) REQUIRE l.name IS UNIQUE'[0m
[32m[2025-10-30 23:30:29] [INFO    ] [neo4j.notifications] Received notification from DBMS server: {severity: INFORMATION} {code: Neo.ClientNotification.Schema.IndexOrConstraintAlreadyExists} {category: SCHEMA} {title: `CREATE CONSTRAINT EpisodeId IF NOT EXISTS FOR (e:Episode) REQUIRE (e.id) IS UNIQUE` has no effect.} {description: `CONSTRAINT EpisodeId FOR (e:Episode) REQUIRE (e.id) IS UNIQUE` already exists.} {position: None} for query: 'CREATE CONSTRAINT EpisodeId IF NOT EXISTS FOR (e:Episode) REQUIRE e.id IS UNIQUE'[0m
[32m[2025-10-30 23:30:29] [INFO    ] [neo4j.notifications] Received notification from DBMS server: {severity: INFORMATION} {code: Neo.ClientNotification.Schema.IndexOrConstraintAlreadyExists} {category: SCHEMA} {title: `CREATE CONSTRAINT InferenceEpisodeId IF NOT EXISTS FOR (e:InferenceEpisode) REQUIRE (e.id) IS UNIQUE` has no effect.} {description: `CONSTRAINT InferenceEpisodeId FOR (e:InferenceEpisode) REQUIRE (e.id) IS UNIQUE` already exists.} {position: None} for query: 'CREATE CONSTRAINT InferenceEpisodeId IF NOT EXISTS FOR (ie:InferenceEpisode) REQUIRE ie.id IS UNIQUE'[0m
[32m[2025-10-30 23:30:29] [INFO    ] [neo4j.notifications] Received notification from DBMS server: {severity: INFORMATION} {code: Neo.ClientNotification.Schema.IndexOrConstraintAlreadyExists} {category: SCHEMA} {title: `CREATE CONSTRAINT ProofStepId IF NOT EXISTS FOR (e:ProofStep) REQUIRE (e.id) IS UNIQUE` has no effect.} {description: `CONSTRAINT ProofStepId FOR (e:ProofStep) REQUIRE (e.id) IS UNIQUE` already exists.} {position: None} for query: 'CREATE CONSTRAINT ProofStepId IF NOT EXISTS FOR (ps:ProofStep) REQUIRE ps.id IS UNIQUE'[0m
[32m[2025-10-30 23:30:29] [INFO    ] [neo4j.notifications] Received notification from DBMS server: {severity: INFORMATION} {code: Neo.ClientNotification.Schema.IndexOrConstraintAlreadyExists} {category: SCHEMA} {title: `CREATE CONSTRAINT HypothesisId IF NOT EXISTS FOR (e:Hypothesis) REQUIRE (e.id) IS UNIQUE` has no effect.} {description: `CONSTRAINT HypothesisId FOR (e:Hypothesis) REQUIRE (e.id) IS UNIQUE` already exists.} {position: None} for query: 'CREATE CONSTRAINT HypothesisId IF NOT EXISTS FOR (h:Hypothesis) REQUIRE h.id IS UNIQUE'[0m
[32m[2025-10-30 23:30:29] [INFO    ] [component_1_netzwerk_core] Neo4j Constraints erfolgreich konfiguriert[0m
[32m[2025-10-30 23:30:29] [INFO    ] [neo4j.notifications] Received notification from DBMS server: {severity: INFORMATION} {code: Neo.ClientNotification.Schema.IndexOrConstraintAlreadyExists} {category: SCHEMA} {title: `CREATE CONSTRAINT UsageContextId IF NOT EXISTS FOR (e:UsageContext) REQUIRE (e.id) IS UNIQUE` has no effect.} {description: `CONSTRAINT UsageContextId FOR (e:UsageContext) REQUIRE (e.id) IS UNIQUE` already exists.} {position: None} for query: '\n                CREATE CONSTRAINT UsageContextId IF NOT EXISTS\n                FOR (uc:UsageContext) REQUIRE uc.id IS UNIQUE\n                '[0m
[32m[2025-10-30 23:30:29] [INFO    ] [neo4j.notifications] Received notification from DBMS server: {severity: INFORMATION} {code: Neo.ClientNotification.Schema.IndexOrConstraintAlreadyExists} {category: SCHEMA} {title: `CREATE CONSTRAINT TypoFeedbackId IF NOT EXISTS FOR (e:TypoFeedback) REQUIRE (e.id) IS UNIQUE` has no effect.} {description: `CONSTRAINT TypoFeedbackId FOR (e:TypoFeedback) REQUIRE (e.id) IS UNIQUE` already exists.} {position: None} for query: '\n                CREATE CONSTRAINT TypoFeedbackId IF NOT EXISTS\n                FOR (tf:TypoFeedback) REQUIRE tf.id IS UNIQUE\n                '[0m
[32m[2025-10-30 23:30:29] [INFO    ] [component_16_probabilistic_engine] ProbabilisticEngine initialisiert.[0m
[32m[2025-10-30 23:30:29] [INFO    ] [component_9_logik_engine] Logik-Engine initialisiert mit probabilistischer Unterst�tzung.[0m
[32m[2025-10-30 23:30:29] [INFO    ] [component_9_logik_engine] Logik-Engine initialisiert mit SAT-Solver f�r Boolean Reasoning.[0m
PASSED
tests/test_abductive_reasoning.py::TestMultiCriteriaScoring::test_weighted_scoring [32m[2025-10-30 23:30:29] [INFO    ] [component_1_netzwerk_core] Initialisiere Neo4j-Verbindung | uri=bolt://127.0.0.1:7687 | user=neo4j[0m
[32m[2025-10-30 23:30:29] [INFO    ] [component_1_netzwerk_core] Neo4j-Verbindung erfolgreich hergestellt | uri=bolt://127.0.0.1:7687[0m
[32m[2025-10-30 23:30:29] [INFO    ] [neo4j.notifications] Received notification from DBMS server: {severity: INFORMATION} {code: Neo.ClientNotification.Schema.IndexOrConstraintAlreadyExists} {category: SCHEMA} {title: `CREATE CONSTRAINT WortLemma IF NOT EXISTS FOR (e:Wort) REQUIRE (e.lemma) IS UNIQUE` has no effect.} {description: `CONSTRAINT WortLemma FOR (e:Wort) REQUIRE (e.lemma) IS UNIQUE` already exists.} {position: None} for query: 'CREATE CONSTRAINT WortLemma IF NOT EXISTS FOR (w:Wort) REQUIRE w.lemma IS UNIQUE'[0m
[32m[2025-10-30 23:30:29] [INFO    ] [neo4j.notifications] Received notification from DBMS server: {severity: INFORMATION} {code: Neo.ClientNotification.Schema.IndexOrConstraintAlreadyExists} {category: SCHEMA} {title: `CREATE CONSTRAINT KonzeptName IF NOT EXISTS FOR (e:Konzept) REQUIRE (e.name) IS UNIQUE` has no effect.} {description: `CONSTRAINT KonzeptName FOR (e:Konzept) REQUIRE (e.name) IS UNIQUE` already exists.} {position: None} for query: 'CREATE CONSTRAINT KonzeptName IF NOT EXISTS FOR (k:Konzept) REQUIRE k.name IS UNIQUE'[0m
[32m[2025-10-30 23:30:29] [INFO    ] [neo4j.notifications] Received notification from DBMS server: {severity: INFORMATION} {code: Neo.ClientNotification.Schema.IndexOrConstraintAlreadyExists} {category: SCHEMA} {title: `CREATE CONSTRAINT ExtractionRuleType IF NOT EXISTS FOR (e:ExtractionRule) REQUIRE (e.relation_type) IS UNIQUE` has no effect.} {description: `CONSTRAINT ExtractionRuleType FOR (e:ExtractionRule) REQUIRE (e.relation_type) IS UNIQUE` already exists.} {position: None} for query: 'CREATE CONSTRAINT ExtractionRuleType IF NOT EXISTS FOR (r:ExtractionRule) REQUIRE r.relation_type IS UNIQUE'[0m
[...]
[32m[2025-10-30 23:33:51] [INFO    ] [neo4j.notifications] Received notification from DBMS server: {severity: INFORMATION} {code: Neo.ClientNotification.Schema.IndexOrConstraintAlreadyExists} {category: SCHEMA} {title: `CREATE CONSTRAINT EpisodeId IF NOT EXISTS FOR (e:Episode) REQUIRE (e.id) IS UNIQUE` has no effect.} {description: `CONSTRAINT EpisodeId FOR (e:Episode) REQUIRE (e.id) IS UNIQUE` already exists.} {position: None} for query: 'CREATE CONSTRAINT EpisodeId IF NOT EXISTS FOR (e:Episode) REQUIRE e.id IS UNIQUE'[0m
[32m[2025-10-30 23:33:51] [INFO    ] [neo4j.notifications] Received notification from DBMS server: {severity: INFORMATION} {code: Neo.ClientNotification.Schema.IndexOrConstraintAlreadyExists} {category: SCHEMA} {title: `CREATE CONSTRAINT InferenceEpisodeId IF NOT EXISTS FOR (e:InferenceEpisode) REQUIRE (e.id) IS UNIQUE` has no effect.} {description: `CONSTRAINT InferenceEpisodeId FOR (e:InferenceEpisode) REQUIRE (e.id) IS UNIQUE` already exists.} {position: None} for query: 'CREATE CONSTRAINT InferenceEpisodeId IF NOT EXISTS FOR (ie:InferenceEpisode) REQUIRE ie.id IS UNIQUE'[0m
[32m[2025-10-30 23:33:51] [INFO    ] [neo4j.notifications] Received notification from DBMS server: {severity: INFORMATION} {code: Neo.ClientNotification.Schema.IndexOrConstraintAlreadyExists} {category: SCHEMA} {title: `CREATE CONSTRAINT ProofStepId IF NOT EXISTS FOR (e:ProofStep) REQUIRE (e.id) IS UNIQUE` has no effect.} {description: `CONSTRAINT ProofStepId FOR (e:ProofStep) REQUIRE (e.id) IS UNIQUE` already exists.} {position: None} for query: 'CREATE CONSTRAINT ProofStepId IF NOT EXISTS FOR (ps:ProofStep) REQUIRE ps.id IS UNIQUE'[0m
[32m[2025-10-30 23:33:51] [INFO    ] [neo4j.notifications] Received notification from DBMS server: {severity: INFORMATION} {code: Neo.ClientNotification.Schema.IndexOrConstraintAlreadyExists} {category: SCHEMA} {title: `CREATE CONSTRAINT HypothesisId IF NOT EXISTS FOR (e:Hypothesis) REQUIRE (e.id) IS UNIQUE` has no effect.} {description: `CONSTRAINT HypothesisId FOR (e:Hypothesis) REQUIRE (e.id) IS UNIQUE` already exists.} {position: None} for query: 'CREATE CONSTRAINT HypothesisId IF NOT EXISTS FOR (h:Hypothesis) REQUIRE h.id IS UNIQUE'[0m
[32m[2025-10-30 23:33:51] [INFO    ] [component_1_netzwerk_core] Neo4j Constraints erfolgreich konfiguriert[0m
[32m[2025-10-30 23:33:51] [INFO    ] [neo4j.notifications] Received notification from DBMS server: {severity: INFORMATION} {code: Neo.ClientNotification.Schema.IndexOrConstraintAlreadyExists} {category: SCHEMA} {title: `CREATE CONSTRAINT UsageContextId IF NOT EXISTS FOR (e:UsageContext) REQUIRE (e.id) IS UNIQUE` has no effect.} {description: `CONSTRAINT UsageContextId FOR (e:UsageContext) REQUIRE (e.id) IS UNIQUE` already exists.} {position: None} for query: '\n                CREATE CONSTRAINT UsageContextId IF NOT EXISTS\n                FOR (uc:UsageContext) REQUIRE uc.id IS UNIQUE\n                '[0m
[32m[2025-10-30 23:33:51] [INFO    ] [neo4j.notifications] Received notification from DBMS server: {severity: INFORMATION} {code: Neo.ClientNotification.Schema.IndexOrConstraintAlreadyExists} {category: SCHEMA} {title: `CREATE CONSTRAINT TypoFeedbackId IF NOT EXISTS FOR (e:TypoFeedback) REQUIRE (e.id) IS UNIQUE` has no effect.} {description: `CONSTRAINT TypoFeedbackId FOR (e:TypoFeedback) REQUIRE (e.id) IS UNIQUE` already exists.} {position: None} for query: '\n                CREATE CONSTRAINT TypoFeedbackId IF NOT EXISTS\n                FOR (tf:TypoFeedback) REQUIRE tf.id IS UNIQUE\n                '[0m
[32m[2025-10-30 23:33:51] [INFO    ] [component_11_embedding_service] Lade Embedding-Modell | model_name=paraphrase-multilingual-MiniLM-L12-v2[0m
[32m[2025-10-30 23:33:51] [INFO    ] [sentence_transformers.SentenceTransformer] Use pytorch device_name: cpu[0m
[32m[2025-10-30 23:33:51] [INFO    ] [sentence_transformers.SentenceTransformer] Load pretrained SentenceTransformer: paraphrase-multilingual-MiniLM-L12-v2[0m
[32m[2025-10-30 23:33:53] [INFO    ] [component_11_embedding_service] Embedding-Modell geladen | model_name=paraphrase-multilingual-MiniLM-L12-v2 | vector_dimension=384[0m
[32m[2025-10-30 23:33:54] [INFO    ] [component_6_linguistik_engine] [LinguisticPreprocessor] spaCy-Modell 'de_core_news_sm' erfolgreich geladen.[0m
[32m[2025-10-30 23:33:54] [INFO    ] [component_16_probabilistic_engine] ProbabilisticEngine initialisiert.[0m
[32m[2025-10-30 23:33:54] [INFO    ] [component_9_logik_engine] Logik-Engine initialisiert mit probabilistischer Unterst�tzung.[0m
[32m[2025-10-30 23:33:54] [INFO    ] [component_9_logik_engine] Logik-Engine initialisiert mit SAT-Solver f�r Boolean Reasoning.[0m
[32m[2025-10-30 23:33:54] [INFO    ] [component_9_logik_engine] Lade Regeln aus dem Wissensgraphen...[0m
[32m[2025-10-30 23:33:54] [INFO    ] [component_9_logik_engine] 0 Regeln aus dem Graphen geladen und sortiert.[0m
[32m[2025-10-30 23:33:54] [INFO    ] [component_7_meaning_extractor] MeaningPointExtractor initialisiert mit zweiphasiger Erkennung[0m
[32m[2025-10-30 23:33:54] [INFO    ] [kai_response_formatter] KaiResponseFormatter initialisiert mit ConfidenceManager[0m
[32m[2025-10-30 23:33:54] [INFO    ] [kai_response_formatter] KaiResponseFormatter initialisiert mit ConfidenceManager[0m
[32m[2025-10-30 23:33:54] [INFO    ] [kai_inference_handler] InferenceHandler initialisiert mit ConfidenceManager[0m
[32m[2025-10-30 23:33:54] [INFO    ] [kai_reasoning_orchestrator] ReasoningOrchestrator initialisiert: aggregation=noisy_or, parallel=False, caching=True[0m
[32m[2025-10-30 23:33:54] [INFO    ] [kai_inference_handler] [OK] Hybrid Reasoning Orchestrator aktiviert[0m
[32m[2025-10-30 23:33:54] [INFO    ] [kai_response_formatter] KaiResponseFormatter initialisiert mit ConfidenceManager[0m
[32m[2025-10-30 23:33:54] [INFO    ] [component_24_pattern_orchestrator] PatternOrchestrator initialisiert mit adaptiven Thresholds | phase=warming | vocab_size=558 | typo_threshold=10 | seq_threshold=5 | auto_correct_gate=0.85 | ask_user_gate=0.6[0m
[32m[2025-10-30 23:33:54] [INFO    ] [kai_worker] Pattern Recognition Orchestrator aktiviert[0m
[32m[2025-10-30 23:33:54] [INFO    ] [kai_worker] Command Suggester aktiviert[0m
[32m[2025-10-30 23:33:54] [INFO    ] [kai_worker] KAI Worker & alle Subsysteme erfolgreich initialisiert.[0m
[32m[2025-10-30 23:33:54] [INFO    ] [component_26_command_suggestions] Fuzzy-Match gefunden | original=ingestiere dokument: | suggestion=definiere: | similarity=0.631578947368421[0m
[32m[2025-10-30 23:33:54] [INFO    ] [component_7_meaning_extractor] Expliziter Befehl erkannt | cue=ingestiere dokument: | category=COMMAND[0m
[32m[2025-10-30 23:33:54] [INFO    ] [component_4_goal_planner] High confidence (0.95, threshold=0.8) -> Direct Execution[0m
[32m[2025-10-30 23:33:54] [INFO    ] [kai_worker] F�hre Plan aus: Lese und verarbeite Datei: 'C:\Users\gehri\desktop\kai-claude\tests\fixtures\corrupted.pdf'[0m
[32m[2025-10-30 23:33:54] [INFO    ] [kai_sub_goal_executor] Datei-Validierung erfolgreich: C:\Users\gehri\desktop\kai-claude\tests\fixtures\corrupted.pdf (Format: .pdf)[0m
[32m[2025-10-30 23:33:54] [INFO    ] [kai_worker]   -> SUCCESS: Validiere Dateipfad und Lesbarkeit.[0m
[32m[2025-10-30 23:33:54] [INFO    ] [kai_sub_goal_executor] Starte Text-Extraktion aus: corrupted.pdf[0m
[32m[2025-10-30 23:33:54] [INFO    ] [component_28_document_parser] Extrahiere Text aus PDF: C:\Users\gehri\desktop\kai-claude\tests\fixtures\corrupted.pdf[0m
[32m[2025-10-30 23:33:54] [INFO    ] [component_28_document_parser] PDF erfolgreich geparst: 1 Seiten, 28 Zeichen[0m
[32m[2025-10-30 23:33:54] [INFO    ] [kai_sub_goal_executor] Text erfolgreich extrahiert: 28 Zeichen aus corrupted.pdf[0m
[32m[2025-10-30 23:33:54] [INFO    ] [kai_worker]   -> SUCCESS: Extrahiere Text aus der Datei.[0m
[32m[2025-10-30 23:33:54] [INFO    ] [kai_sub_goal_executor] Zeige Preview f�r corrupted.pdf (28 Zeichen)[0m
[32m[2025-10-30 23:33:54] [INFO    ] [kai_worker] Warte auf Preview-Best�tigung f�r: corrupted.pdf[0m
[33m[2025-10-30 23:34:54] [WARNING ] [kai_worker] Preview-Best�tigung Timeout - Abbruch[0m
[32m[2025-10-30 23:34:54] [INFO    ] [kai_sub_goal_executor] User hat Ingestion von corrupted.pdf abgebrochen[0m
[31m[2025-10-30 23:34:54] [ERROR   ] [kai_worker]   -> FAILED: Verarbeite extrahierten Text durch Ingestion-Pipeline. | Grund: Ingestion von 'corrupted.pdf' wurde vom Benutzer abgebrochen.[0m
PASSED
tests/test_file_ingestion_e2e.py::TestFileIngestionE2E::test_docx_ingestion_full_workflow [32m[2025-10-30 23:34:54] [INFO    ] [component_1_netzwerk_core] Initialisiere Neo4j-Verbindung | uri=bolt://127.0.0.1:7687 | user=neo4j[0m
[32m[2025-10-30 23:34:54] [INFO    ] [component_1_netzwerk_core] Neo4j-Verbindung erfolgreich hergestellt | uri=bolt://127.0.0.1:7687[0m
[32m[2025-10-30 23:34:54] [INFO    ] [neo4j.notifications] Received notification from DBMS server: {severity: INFORMATION} {code: Neo.ClientNotification.Schema.IndexOrConstraintAlreadyExists} {category: SCHEMA} {title: `CREATE CONSTRAINT WortLemma IF NOT EXISTS FOR (e:Wort) REQUIRE (e.lemma) IS UNIQUE` has no effect.} {description: `CONSTRAINT WortLemma FOR (e:Wort) REQUIRE (e.lemma) IS UNIQUE` already exists.} {position: None} for query: 'CREATE CONSTRAINT WortLemma IF NOT EXISTS FOR (w:Wort) REQUIRE w.lemma IS UNIQUE'[0m
[32m[2025-10-30 23:34:54] [INFO    ] [neo4j.notifications] Received notification from DBMS server: {severity: INFORMATION} {code: Neo.ClientNotification.Schema.IndexOrConstraintAlreadyExists} {category: SCHEMA} {title: `CREATE CONSTRAINT KonzeptName IF NOT EXISTS FOR (e:Konzept) REQUIRE (e.name) IS UNIQUE` has no effect.} {description: `CONSTRAINT KonzeptName FOR (e:Konzept) REQUIRE (e.name) IS UNIQUE` already exists.} {position: None} for query: 'CREATE CONSTRAINT KonzeptName IF NOT EXISTS FOR (k:Konzept) REQUIRE k.name IS UNIQUE'[0m
[32m[2025-10-30 23:34:54] [INFO    ] [neo4j.notifications] Received notification from DBMS server: {severity: INFORMATION} {code: Neo.ClientNotification.Schema.IndexOrConstraintAlreadyExists} {category: SCHEMA} {title: `CREATE CONSTRAINT ExtractionRuleType IF NOT EXISTS FOR (e:ExtractionRule) REQUIRE (e.relation_type) IS UNIQUE` has no effect.} {description: `CONSTRAINT ExtractionRuleType FOR (e:ExtractionRule) REQUIRE (e.relation_type) IS UNIQUE` already exists.} {position: None} for query: 'CREATE CONSTRAINT ExtractionRuleType IF NOT EXISTS FOR (r:ExtractionRule) REQUIRE r.relation_type IS UNIQUE'[0m
[32m[2025-10-30 23:34:54] [INFO    ] [neo4j.notifications] Received notification from DBMS server: {severity: INFORMATION} {code: Neo.ClientNotification.Schema.IndexOrConstraintAlreadyExists} {category: SCHEMA} {title: `CREATE CONSTRAINT PatternPrototypeId IF NOT EXISTS FOR (e:PatternPrototype) REQUIRE (e.id) IS UNIQUE` has no effect.} {description: `CONSTRAINT PatternPrototypeId FOR (e:PatternPrototype) REQUIRE (e.id) IS UNIQUE` already exists.} {position: None} for query: 'CREATE CONSTRAINT PatternPrototypeId IF NOT EXISTS FOR (p:PatternPrototype) REQUIRE p.id IS UNIQUE'[0m
[32m[2025-10-30 23:34:54] [INFO    ] [neo4j.notifications] Received notification from DBMS server: {severity: INFORMATION} {code: Neo.ClientNotification.Schema.IndexOrConstraintAlreadyExists} {category: SCHEMA} {title: `CREATE CONSTRAINT LexiconName IF NOT EXISTS FOR (e:Lexicon) REQUIRE (e.name) IS UNIQUE` has no effect.} {description: `CONSTRAINT LexiconName FOR (e:Lexicon) REQUIRE (e.name) IS UNIQUE` already exists.} {position: None} for query: 'CREATE CONSTRAINT LexiconName IF NOT EXISTS FOR (l:Lexicon) REQUIRE l.name IS UNIQUE'[0m
[32m[2025-10-30 23:34:54] [INFO    ] [neo4j.notifications] Received notification from DBMS server: {severity: INFORMATION} {code: Neo.ClientNotification.Schema.IndexOrConstraintAlreadyExists} {category: SCHEMA} {title: `CREATE CONSTRAINT EpisodeId IF NOT EXISTS FOR (e:Episode) REQUIRE (e.id) IS UNIQUE` has no effect.} {description: `CONSTRAINT EpisodeId FOR (e:Episode) REQUIRE (e.id) IS UNIQUE` already exists.} {position: None} for query: 'CREATE CONSTRAINT EpisodeId IF NOT EXISTS FOR (e:Episode) REQUIRE e.id IS UNIQUE'[0m
[32m[2025-10-30 23:34:54] [INFO    ] [neo4j.notifications] Received notification from DBMS server: {severity: INFORMATION} {code: Neo.ClientNotification.Schema.IndexOrConstraintAlreadyExists} {category: SCHEMA} {title: `CREATE CONSTRAINT InferenceEpisodeId IF NOT EXISTS FOR (e:InferenceEpisode) REQUIRE (e.id) IS UNIQUE` has no effect.} {description: `CONSTRAINT InferenceEpisodeId FOR (e:InferenceEpisode) REQUIRE (e.id) IS UNIQUE` already exists.} {position: None} for query: 'CREATE CONSTRAINT InferenceEpisodeId IF NOT EXISTS FOR (ie:InferenceEpisode) REQUIRE ie.id IS UNIQUE'[0m
[32m[2025-10-30 23:34:54] [INFO    ] [neo4j.notifications] Received notification from DBMS server: {severity: INFORMATION} {code: Neo.ClientNotification.Schema.IndexOrConstraintAlreadyExists} {category: SCHEMA} {title: `CREATE CONSTRAINT ProofStepId IF NOT EXISTS FOR (e:ProofStep) REQUIRE (e.id) IS UNIQUE` has no effect.} {description: `CONSTRAINT ProofStepId FOR (e:ProofStep) REQUIRE (e.id) IS UNIQUE` already exists.} {position: None} for query: 'CREATE CONSTRAINT ProofStepId IF NOT EXISTS FOR (ps:ProofStep) REQUIRE ps.id IS UNIQUE'[0m
[32m[2025-10-30 23:34:54] [INFO    ] [neo4j.notifications] Received notification from DBMS server: {severity: INFORMATION} {code: Neo.ClientNotification.Schema.IndexOrConstraintAlreadyExists} {category: SCHEMA} {title: `CREATE CONSTRAINT HypothesisId IF NOT EXISTS FOR (e:Hypothesis) REQUIRE (e.id) IS UNIQUE` has no effect.} {description: `CONSTRAINT HypothesisId FOR (e:Hypothesis) REQUIRE (e.id) IS UNIQUE` already exists.} {position: None} for query: 'CREATE CONSTRAINT HypothesisId IF NOT EXISTS FOR (h:Hypothesis) REQUIRE h.id IS UNIQUE'[0m
[32m[2025-10-30 23:34:54] [INFO    ] [component_1_netzwerk_core] Neo4j Constraints erfolgreich konfiguriert[0m
[32m[2025-10-30 23:34:54] [INFO    ] [neo4j.notifications] Received notification from DBMS server: {severity: INFORMATION} {code: Neo.ClientNotification.Schema.IndexOrConstraintAlreadyExists} {category: SCHEMA} {title: `CREATE CONSTRAINT UsageContextId IF NOT EXISTS FOR (e:UsageContext) REQUIRE (e.id) IS UNIQUE` has no effect.} {description: `CONSTRAINT UsageContextId FOR (e:UsageContext) REQUIRE (e.id) IS UNIQUE` already exists.} {position: None} for query: '\n                CREATE CONSTRAINT UsageContextId IF NOT EXISTS\n                FOR (uc:UsageContext) REQUIRE uc.id IS UNIQUE\n                '[0m
[32m[2025-10-30 23:34:54] [INFO    ] [neo4j.notifications] Received notification from DBMS server: {severity: INFORMATION} {code: Neo.ClientNotification.Schema.IndexOrConstraintAlreadyExists} {category: SCHEMA} {title: `CREATE CONSTRAINT TypoFeedbackId IF NOT EXISTS FOR (e:TypoFeedback) REQUIRE (e.id) IS UNIQUE` has no effect.} {description: `CONSTRAINT TypoFeedbackId FOR (e:TypoFeedback) REQUIRE (e.id) IS UNIQUE` already exists.} {position: None} for query: '\n                CREATE CONSTRAINT TypoFeedbackId IF NOT EXISTS\n                FOR (tf:TypoFeedback) REQUIRE tf.id IS UNIQUE\n                '[0m
[32m[2025-10-30 23:34:54] [INFO    ] [component_11_embedding_service] Lade Embedding-Modell | model_name=paraphrase-multilingual-MiniLM-L12-v2[0m
[32m[2025-10-30 23:34:54] [INFO    ] [sentence_transformers.SentenceTransformer] Use pytorch device_name: cpu[0m
[32m[2025-10-30 23:34:54] [INFO    ] [sentence_transformers.SentenceTransformer] Load pretrained SentenceTransformer: paraphrase-multilingual-MiniLM-L12-v2[0m
[32m[2025-10-30 23:34:57] [INFO    ] [component_11_embedding_service] Embedding-Modell geladen | model_name=paraphrase-multilingual-MiniLM-L12-v2 | vector_dimension=384[0m
[32m[2025-10-30 23:34:57] [INFO    ] [component_6_linguistik_engine] [LinguisticPreprocessor] spaCy-Modell 'de_core_news_sm' erfolgreich geladen.[0m
[32m[2025-10-30 23:34:57] [INFO    ] [component_16_probabilistic_engine] ProbabilisticEngine initialisiert.[0m
[32m[2025-10-30 23:34:57] [INFO    ] [component_9_logik_engine] Logik-Engine initialisiert mit probabilistischer Unterst�tzung.[0m
[32m[2025-10-30 23:34:57] [INFO    ] [component_9_logik_engine] Logik-Engine initialisiert mit SAT-Solver f�r Boolean Reasoning.[0m
[32m[2025-10-30 23:34:57] [INFO    ] [component_9_logik_engine] Lade Regeln aus dem Wissensgraphen...[0m
[32m[2025-10-30 23:34:57] [INFO    ] [component_9_logik_engine] 0 Regeln aus dem Graphen geladen und sortiert.[0m
[32m[2025-10-30 23:34:57] [INFO    ] [component_7_meaning_extractor] MeaningPointExtractor initialisiert mit zweiphasiger Erkennung[0m
[32m[2025-10-30 23:34:57] [INFO    ] [kai_response_formatter] KaiResponseFormatter initialisiert mit ConfidenceManager[0m
[32m[2025-10-30 23:34:57] [INFO    ] [kai_response_formatter] KaiResponseFormatter initialisiert mit ConfidenceManager[0m
[32m[2025-10-30 23:34:57] [INFO    ] [kai_inference_handler] InferenceHandler initialisiert mit ConfidenceManager[0m
[32m[2025-10-30 23:34:57] [INFO    ] [kai_reasoning_orchestrator] ReasoningOrchestrator initialisiert: aggregation=noisy_or, parallel=False, caching=True[0m
[32m[2025-10-30 23:34:57] [INFO    ] [kai_inference_handler] [OK] Hybrid Reasoning Orchestrator aktiviert[0m
[32m[2025-10-30 23:34:57] [INFO    ] [kai_response_formatter] KaiResponseFormatter initialisiert mit ConfidenceManager[0m
[32m[2025-10-30 23:34:57] [INFO    ] [component_24_pattern_orchestrator] PatternOrchestrator initialisiert mit adaptiven Thresholds | phase=warming | vocab_size=558 | typo_threshold=10 | seq_threshold=5 | auto_correct_gate=0.85 | ask_user_gate=0.6[0m
[32m[2025-10-30 23:34:57] [INFO    ] [kai_worker] Pattern Recognition Orchestrator aktiviert[0m
[32m[2025-10-30 23:34:57] [INFO    ] [kai_worker] Command Suggester aktiviert[0m
[32m[2025-10-30 23:34:57] [INFO    ] [kai_worker] KAI Worker & alle Subsysteme erfolgreich initialisiert.[0m
[32m[2025-10-30 23:34:57] [INFO    ] [component_26_command_suggestions] Fuzzy-Match gefunden | original=ingestiere dokument: | suggestion=definiere: | similarity=0.631578947368421[0m
[32m[2025-10-30 23:34:57] [INFO    ] [component_7_meaning_extractor] Expliziter Befehl erkannt | cue=ingestiere dokument: | category=COMMAND[0m
[32m[2025-10-30 23:34:57] [INFO    ] [component_4_goal_planner] High confidence (0.95, threshold=0.8) -> Direct Execution[0m
[32m[2025-10-30 23:34:57] [INFO    ] [kai_worker] F�hre Plan aus: Lese und verarbeite Datei: 'C:\Users\gehri\desktop\kai-claude\tests\fixtures\sample_document.docx'[0m
[32m[2025-10-30 23:34:57] [INFO    ] [kai_sub_goal_executor] Datei-Validierung erfolgreich: C:\Users\gehri\desktop\kai-claude\tests\fixtures\sample_document.docx (Format: .docx)[0m
[32m[2025-10-30 23:34:57] [INFO    ] [kai_worker]   -> SUCCESS: Validiere Dateipfad und Lesbarkeit.[0m
[32m[2025-10-30 23:34:57] [INFO    ] [kai_sub_goal_executor] Starte Text-Extraktion aus: sample_document.docx[0m
[32m[2025-10-30 23:34:57] [INFO    ] [component_28_document_parser] Extrahiere Text aus DOCX: C:\Users\gehri\desktop\kai-claude\tests\fixtures\sample_document.docx[0m
[32m[2025-10-30 23:34:57] [INFO    ] [component_28_document_parser] DOCX erfolgreich geparst: 1 Abs�tze, 24 Zeichen[0m
[32m[2025-10-30 23:34:57] [INFO    ] [kai_sub_goal_executor] Text erfolgreich extrahiert: 24 Zeichen aus sample_document.docx[0m
[32m[2025-10-30 23:34:57] [INFO    ] [kai_worker]   -> SUCCESS: Extrahiere Text aus der Datei.[0m
[32m[2025-10-30 23:34:57] [INFO    ] [kai_sub_goal_executor] Zeige Preview f�r sample_document.docx (24 Zeichen)[0m
[32m[2025-10-30 23:34:57] [INFO    ] [kai_worker] Warte auf Preview-Best�tigung f�r: sample_document.docx[0m
